{
  message: 'Running booking status update cron job...',
  level: 'info',
  timestamp: '17-01-2025 15:00:00'
}
{
  level: 'error',
  message: 'Error updating booking status: this.yhandleAndLogRequestError is not a function',
  stack: 'TypeError: this.yhandleAndLogRequestError is not a function\n' +
    '    at qn.request (C:\\Users\\USER\\Documents\\NGODING\\MAGANG\\KKP\\RuangIn\\be\\node_modules\\@prisma\\client\\runtime\\library.js:121:6347)\n' +
    '    at async l (C:\\Users\\USER\\Documents\\NGODING\\MAGANG\\KKP\\RuangIn\\be\\node_modules\\@prisma\\client\\runtime\\library.js:130:9616)\n' +
    '    at async updateStatusPeminjaman (C:\\Users\\USER\\Documents\\NGODING\\MAGANG\\KKP\\RuangIn\\be\\src\\utils\\cronjob.js:9:33)\n' +
    '    at async Task._execution (C:\\Users\\USER\\Documents\\NGODING\\MAGANG\\KKP\\RuangIn\\be\\index.js:9:9)',
  timestamp: '17-01-2025 15:00:00'
}
{
  message: 'Running booking status update cron job...',
  level: 'info',
  timestamp: '17-01-2025 15:01:00'
}
{
  level: 'error',
  message: 'Error updating booking status: this.yhandleAndLogRequestError is not a function',
  stack: 'TypeError: this.yhandleAndLogRequestError is not a function\n' +
    '    at qn.request (C:\\Users\\USER\\Documents\\NGODING\\MAGANG\\KKP\\RuangIn\\be\\node_modules\\@prisma\\client\\runtime\\library.js:121:6347)\n' +
    '    at async l (C:\\Users\\USER\\Documents\\NGODING\\MAGANG\\KKP\\RuangIn\\be\\node_modules\\@prisma\\client\\runtime\\library.js:130:9616)\n' +
    '    at async updateStatusPeminjaman (C:\\Users\\USER\\Documents\\NGODING\\MAGANG\\KKP\\RuangIn\\be\\src\\utils\\cronjob.js:9:33)\n' +
    '    at async Task._execution (C:\\Users\\USER\\Documents\\NGODING\\MAGANG\\KKP\\RuangIn\\be\\index.js:9:9)',
  timestamp: '17-01-2025 15:01:00'
}
{
  message: 'server is runniing in 8080',
  level: 'info',
  timestamp: '17-01-2025 15:01:44'
}
{
  message: 'server is runniing in 8080',
  level: 'info',
  timestamp: '17-01-2025 15:01:47'
}
{
  path: '/api/v1/tim-kerja',
  method: 'POST',
  ip: '::1',
  level: 'info',
  message: 'Authentication attempt',
  timestamp: '17-01-2025 15:01:55'
}
{
  uuid: '3d1ebd0e-3f04-44b5-a6db-ae02067cf7df',
  role: 'SUPERADMIN',
  path: '/api/v1/tim-kerja',
  level: 'info',
  message: 'Authentication successful',
  timestamp: '17-01-2025 15:01:55'
}
{
  userRole: 'SUPERADMIN',
  userId: '3d1ebd0e-3f04-44b5-a6db-ae02067cf7df',
  path: '/api/v1/tim-kerja',
  level: 'info',
  message: 'Authorization successful',
  timestamp: '17-01-2025 15:01:55'
}
{
  name: 'TypeError',
  message: 'this.yhandleAndLogRequestError is not a function',
  stack: 'TypeError: this.yhandleAndLogRequestError is not a function\n' +
    '    at qn.request (C:\\Users\\USER\\Documents\\NGODING\\MAGANG\\KKP\\RuangIn\\be\\node_modules\\@prisma\\client\\runtime\\library.js:121:6347)\n' +
    '    at async l (C:\\Users\\USER\\Documents\\NGODING\\MAGANG\\KKP\\RuangIn\\be\\node_modules\\@prisma\\client\\runtime\\library.js:130:9616)\n' +
    '    at async Object.createTimKerja (C:\\Users\\USER\\Documents\\NGODING\\MAGANG\\KKP\\RuangIn\\be\\src\\services\\detailUser.service.js:14:24)\n' +
    '    at async createTimKerja (C:\\Users\\USER\\Documents\\NGODING\\MAGANG\\KKP\\RuangIn\\be\\src\\controllers\\detailUser.controller.js:8:28)',
  path: '/api/v1/tim-kerja',
  method: 'POST',
  timestamp: '17-01-2025 15:01:55',
  requestBody: {
    nama_tim_kerja: 'Pengelolaan Pelayanan Terpadu Satu Atap',
    code: 'PPTSA',
    is_aktif: 'true'
  },
  requestParams: {},
  requestQuery: {},
  userId: '3d1ebd0e-3f04-44b5-a6db-ae02067cf7df',
  level: 'error'
}
{
  message: 'server is runniing in 8080',
  level: 'info',
  timestamp: '17-01-2025 15:03:41'
}
{
  message: 'server is runniing in 8080',
  level: 'info',
  timestamp: '17-01-2025 15:03:42'
}
{
  path: '/api/v1/tim-kerja',
  method: 'POST',
  ip: '::1',
  level: 'info',
  message: 'Authentication attempt',
  timestamp: '17-01-2025 15:04:14'
}
{
  uuid: '3d1ebd0e-3f04-44b5-a6db-ae02067cf7df',
  role: 'SUPERADMIN',
  path: '/api/v1/tim-kerja',
  level: 'info',
  message: 'Authentication successful',
  timestamp: '17-01-2025 15:04:14'
}
{
  userRole: 'SUPERADMIN',
  userId: '3d1ebd0e-3f04-44b5-a6db-ae02067cf7df',
  path: '/api/v1/tim-kerja',
  level: 'info',
  message: 'Authorization successful',
  timestamp: '17-01-2025 15:04:14'
}
{
  name: 'TypeError',
  message: 'this.yhandleAndLogRequestError is not a function',
  stack: 'TypeError: this.yhandleAndLogRequestError is not a function\n' +
    '    at qn.request (C:\\Users\\USER\\Documents\\NGODING\\MAGANG\\KKP\\RuangIn\\be\\node_modules\\@prisma\\client\\runtime\\library.js:121:6347)\n' +
    '    at async l (C:\\Users\\USER\\Documents\\NGODING\\MAGANG\\KKP\\RuangIn\\be\\node_modules\\@prisma\\client\\runtime\\library.js:130:9616)\n' +
    '    at async Object.createTimKerja (C:\\Users\\USER\\Documents\\NGODING\\MAGANG\\KKP\\RuangIn\\be\\src\\services\\detailUser.service.js:16:24)\n' +
    '    at async createTimKerja (C:\\Users\\USER\\Documents\\NGODING\\MAGANG\\KKP\\RuangIn\\be\\src\\controllers\\detailUser.controller.js:8:28)',
  path: '/api/v1/tim-kerja',
  method: 'POST',
  timestamp: '17-01-2025 15:04:14',
  requestBody: {
    nama_tim_kerja: 'Pengelolaan Pelayanan Terpadu Satu Atap',
    code: 'PPTSA',
    is_aktif: 'true'
  },
  requestParams: {},
  requestQuery: {},
  userId: '3d1ebd0e-3f04-44b5-a6db-ae02067cf7df',
  level: 'error'
}
{
  message: 'server is runniing in 8080',
  level: 'info',
  timestamp: '17-01-2025 15:04:29'
}
{
  path: '/api/v1/tim-kerja',
  method: 'POST',
  ip: '::1',
  level: 'info',
  message: 'Authentication attempt',
  timestamp: '17-01-2025 15:04:31'
}
{
  uuid: '3d1ebd0e-3f04-44b5-a6db-ae02067cf7df',
  role: 'SUPERADMIN',
  path: '/api/v1/tim-kerja',
  level: 'info',
  message: 'Authentication successful',
  timestamp: '17-01-2025 15:04:31'
}
{
  userRole: 'SUPERADMIN',
  userId: '3d1ebd0e-3f04-44b5-a6db-ae02067cf7df',
  path: '/api/v1/tim-kerja',
  level: 'info',
  message: 'Authorization successful',
  timestamp: '17-01-2025 15:04:31'
}
{
  path: '/api/v1/tim-kerja',
  method: 'GET',
  ip: '::1',
  level: 'info',
  message: 'Authentication attempt',
  timestamp: '17-01-2025 15:04:50'
}
{
  uuid: '3d1ebd0e-3f04-44b5-a6db-ae02067cf7df',
  role: 'SUPERADMIN',
  path: '/api/v1/tim-kerja',
  level: 'info',
  message: 'Authentication successful',
  timestamp: '17-01-2025 15:04:50'
}
{
  path: '/api/v1/register',
  method: 'POST',
  ip: '::1',
  level: 'info',
  message: 'Authentication attempt',
  timestamp: '17-01-2025 15:05:26'
}
{
  uuid: '3d1ebd0e-3f04-44b5-a6db-ae02067cf7df',
  role: 'SUPERADMIN',
  path: '/api/v1/register',
  level: 'info',
  message: 'Authentication successful',
  timestamp: '17-01-2025 15:05:27'
}
{
  userRole: 'SUPERADMIN',
  userId: '3d1ebd0e-3f04-44b5-a6db-ae02067cf7df',
  path: '/api/v1/register',
  level: 'info',
  message: 'Authorization successful',
  timestamp: '17-01-2025 15:05:27'
}
{
  path: '/api/v1/me',
  method: 'GET',
  ip: '::1',
  level: 'info',
  message: 'Authentication attempt',
  timestamp: '17-01-2025 15:05:43'
}
{
  uuid: '3d1ebd0e-3f04-44b5-a6db-ae02067cf7df',
  role: 'SUPERADMIN',
  path: '/api/v1/me',
  level: 'info',
  message: 'Authentication successful',
  timestamp: '17-01-2025 15:05:43'
}
{
  path: '/api/v1/users/03097243-5e2c-42a5-b182-28bc1cf80141',
  method: 'PATCH',
  ip: '::1',
  level: 'info',
  message: 'Authentication attempt',
  timestamp: '17-01-2025 15:06:10'
}
{
  uuid: '3d1ebd0e-3f04-44b5-a6db-ae02067cf7df',
  role: 'SUPERADMIN',
  path: '/api/v1/users/03097243-5e2c-42a5-b182-28bc1cf80141',
  level: 'info',
  message: 'Authentication successful',
  timestamp: '17-01-2025 15:06:10'
}
{
  userRole: 'SUPERADMIN',
  userId: '3d1ebd0e-3f04-44b5-a6db-ae02067cf7df',
  path: '/api/v1/users/03097243-5e2c-42a5-b182-28bc1cf80141',
  level: 'info',
  message: 'Authorization successful',
  timestamp: '17-01-2025 15:06:10'
}
{
  message: 'server is runniing in 8080',
  level: 'info',
  timestamp: '17-01-2025 15:09:24'
}
{
  message: 'server is runniing in 8080',
  level: 'info',
  timestamp: '17-01-2025 15:10:46'
}
{
  message: 'server is runniing in 8080',
  level: 'info',
  timestamp: '17-01-2025 15:11:15'
}
{
  message: 'server is runniing in 8080',
  level: 'info',
  timestamp: '17-01-2025 15:11:18'
}
{
  path: '/api/v1/tim-kerja',
  method: 'POST',
  ip: '::1',
  level: 'info',
  message: 'Authentication attempt',
  timestamp: '17-01-2025 15:11:53'
}
{
  uuid: '3d1ebd0e-3f04-44b5-a6db-ae02067cf7df',
  role: 'SUPERADMIN',
  path: '/api/v1/tim-kerja',
  level: 'info',
  message: 'Authentication successful',
  timestamp: '17-01-2025 15:11:53'
}
{
  userRole: 'SUPERADMIN',
  userId: '3d1ebd0e-3f04-44b5-a6db-ae02067cf7df',
  path: '/api/v1/tim-kerja',
  level: 'info',
  message: 'Authorization successful',
  timestamp: '17-01-2025 15:11:53'
}
{
  name: 'TypeError',
  message: 'this.yhandleAndLogRequestError is not a function',
  stack: 'TypeError: this.yhandleAndLogRequestError is not a function\n' +
    '    at qn.request (C:\\Users\\USER\\Documents\\NGODING\\MAGANG\\KKP\\RuangIn\\be\\node_modules\\@prisma\\client\\runtime\\library.js:121:6347)\n' +
    '    at async l (C:\\Users\\USER\\Documents\\NGODING\\MAGANG\\KKP\\RuangIn\\be\\node_modules\\@prisma\\client\\runtime\\library.js:130:9616)\n' +
    '    at async Object.createTimKerja (C:\\Users\\USER\\Documents\\NGODING\\MAGANG\\KKP\\RuangIn\\be\\src\\services\\detailUser.service.js:16:24)\n' +
    '    at async createTimKerja (C:\\Users\\USER\\Documents\\NGODING\\MAGANG\\KKP\\RuangIn\\be\\src\\controllers\\detailUser.controller.js:8:28)',
  path: '/api/v1/tim-kerja',
  method: 'POST',
  timestamp: '17-01-2025 15:11:53',
  requestBody: {
    nama_tim_kerja: 'Keamanan Siber dan Infrastruktur Teknologi Informas',
    code: 'KSITI',
    is_aktif: 'true'
  },
  requestParams: {},
  requestQuery: {},
  userId: '3d1ebd0e-3f04-44b5-a6db-ae02067cf7df',
  level: 'error'
}
{
  message: 'server is runniing in 8080',
  level: 'info',
  timestamp: '17-01-2025 15:12:12'
}
{
  message: 'server is runniing in 8080',
  level: 'info',
  timestamp: '17-01-2025 15:12:51'
}
{
  message: 'server is runniing in 8080',
  level: 'info',
  timestamp: '17-01-2025 15:12:52'
}
{
  message: 'server is runniing in 8080',
  level: 'info',
  timestamp: '17-01-2025 15:12:55'
}
{
  message: 'server is runniing in 8080',
  level: 'info',
  timestamp: '17-01-2025 15:15:03'
}
{
  message: 'server is runniing in 8080',
  level: 'info',
  timestamp: '17-01-2025 15:15:11'
}
{
  message: 'server is runniing in 8080',
  level: 'info',
  timestamp: '17-01-2025 15:15:14'
}
{
  path: '/api/v1/tim-kerja',
  method: 'POST',
  ip: '::1',
  level: 'info',
  message: 'Authentication attempt',
  timestamp: '17-01-2025 15:15:37'
}
{
  uuid: '3d1ebd0e-3f04-44b5-a6db-ae02067cf7df',
  role: 'SUPERADMIN',
  path: '/api/v1/tim-kerja',
  level: 'info',
  message: 'Authentication successful',
  timestamp: '17-01-2025 15:15:37'
}
{
  userRole: 'SUPERADMIN',
  userId: '3d1ebd0e-3f04-44b5-a6db-ae02067cf7df',
  path: '/api/v1/tim-kerja',
  level: 'info',
  message: 'Authorization successful',
  timestamp: '17-01-2025 15:15:37'
}
{
  path: '/api/v1/tim-kerja/b9d4dcac-2cdd-4562-ba17-90dd54dc8b56',
  method: 'PATCH',
  ip: '::1',
  level: 'info',
  message: 'Authentication attempt',
  timestamp: '17-01-2025 15:16:16'
}
{
  uuid: '3d1ebd0e-3f04-44b5-a6db-ae02067cf7df',
  role: 'SUPERADMIN',
  path: '/api/v1/tim-kerja/b9d4dcac-2cdd-4562-ba17-90dd54dc8b56',
  level: 'info',
  message: 'Authentication successful',
  timestamp: '17-01-2025 15:16:16'
}
{
  userRole: 'SUPERADMIN',
  userId: '3d1ebd0e-3f04-44b5-a6db-ae02067cf7df',
  path: '/api/v1/tim-kerja/b9d4dcac-2cdd-4562-ba17-90dd54dc8b56',
  level: 'info',
  message: 'Authorization successful',
  timestamp: '17-01-2025 15:16:16'
}
{
  name: 'TypeError',
  message: 'this.yhandleAndLogRequestError is not a function',
  stack: 'TypeError: this.yhandleAndLogRequestError is not a function\n' +
    '    at qn.request (C:\\Users\\USER\\Documents\\NGODING\\MAGANG\\KKP\\RuangIn\\be\\node_modules\\@prisma\\client\\runtime\\library.js:121:6347)\n' +
    '    at async l (C:\\Users\\USER\\Documents\\NGODING\\MAGANG\\KKP\\RuangIn\\be\\node_modules\\@prisma\\client\\runtime\\library.js:130:9616)\n' +
    '    at async Object.updateTimKerja (C:\\Users\\USER\\Documents\\NGODING\\MAGANG\\KKP\\RuangIn\\be\\src\\services\\detailUser.service.js:110:35)\n' +
    '    at async updateTimKerja (C:\\Users\\USER\\Documents\\NGODING\\MAGANG\\KKP\\RuangIn\\be\\src\\controllers\\detailUser.controller.js:57:28)',
  path: '/api/v1/tim-kerja/b9d4dcac-2cdd-4562-ba17-90dd54dc8b56',
  method: 'PATCH',
  timestamp: '17-01-2025 15:16:16',
  requestBody: { is_aktif: 'false' },
  requestParams: {},
  requestQuery: {},
  userId: '3d1ebd0e-3f04-44b5-a6db-ae02067cf7df',
  level: 'error'
}
{
  message: 'server is runniing in 8080',
  level: 'info',
  timestamp: '17-01-2025 15:17:18'
}
{
  path: '/api/v1/tim-kerja/b9d4dcac-2cdd-4562-ba17-90dd54dc8b56',
  method: 'PATCH',
  ip: '::1',
  level: 'info',
  message: 'Authentication attempt',
  timestamp: '17-01-2025 15:17:21'
}
{
  uuid: '3d1ebd0e-3f04-44b5-a6db-ae02067cf7df',
  role: 'SUPERADMIN',
  path: '/api/v1/tim-kerja/b9d4dcac-2cdd-4562-ba17-90dd54dc8b56',
  level: 'info',
  message: 'Authentication successful',
  timestamp: '17-01-2025 15:17:21'
}
{
  userRole: 'SUPERADMIN',
  userId: '3d1ebd0e-3f04-44b5-a6db-ae02067cf7df',
  path: '/api/v1/tim-kerja/b9d4dcac-2cdd-4562-ba17-90dd54dc8b56',
  level: 'info',
  message: 'Authorization successful',
  timestamp: '17-01-2025 15:17:21'
}
{
  name: 'ResponseError',
  message: 'Nama Tim Kerja Sudah Digunakan',
  stack: 'ResponseError: Nama Tim Kerja Sudah Digunakan\n' +
    '    at Object.updateTimKerja (C:\\Users\\USER\\Documents\\NGODING\\MAGANG\\KKP\\RuangIn\\be\\src\\services\\detailUser.service.js:120:19)\n' +
    '    at async updateTimKerja (C:\\Users\\USER\\Documents\\NGODING\\MAGANG\\KKP\\RuangIn\\be\\src\\controllers\\detailUser.controller.js:57:28)',
  path: '/api/v1/tim-kerja/b9d4dcac-2cdd-4562-ba17-90dd54dc8b56',
  method: 'PATCH',
  timestamp: '17-01-2025 15:17:21',
  requestBody: { is_aktif: 'false' },
  requestParams: {},
  requestQuery: {},
  userId: '3d1ebd0e-3f04-44b5-a6db-ae02067cf7df',
  level: 'error'
}
{
  message: 'server is runniing in 8080',
  level: 'info',
  timestamp: '17-01-2025 15:17:57'
}
{
  message: 'server is runniing in 8080',
  level: 'info',
  timestamp: '17-01-2025 15:18:05'
}
{
  path: '/api/v1/tim-kerja/b9d4dcac-2cdd-4562-ba17-90dd54dc8b56',
  method: 'PATCH',
  ip: '::1',
  level: 'info',
  message: 'Authentication attempt',
  timestamp: '17-01-2025 15:18:06'
}
{
  uuid: '3d1ebd0e-3f04-44b5-a6db-ae02067cf7df',
  role: 'SUPERADMIN',
  path: '/api/v1/tim-kerja/b9d4dcac-2cdd-4562-ba17-90dd54dc8b56',
  level: 'info',
  message: 'Authentication successful',
  timestamp: '17-01-2025 15:18:06'
}
{
  userRole: 'SUPERADMIN',
  userId: '3d1ebd0e-3f04-44b5-a6db-ae02067cf7df',
  path: '/api/v1/tim-kerja/b9d4dcac-2cdd-4562-ba17-90dd54dc8b56',
  level: 'info',
  message: 'Authorization successful',
  timestamp: '17-01-2025 15:18:06'
}
{
  name: 'TypeError',
  message: 'this.yhandleAndLogRequestError is not a function',
  stack: 'TypeError: this.yhandleAndLogRequestError is not a function\n' +
    '    at qn.request (C:\\Users\\USER\\Documents\\NGODING\\MAGANG\\KKP\\RuangIn\\be\\node_modules\\@prisma\\client\\runtime\\library.js:121:6347)\n' +
    '    at async l (C:\\Users\\USER\\Documents\\NGODING\\MAGANG\\KKP\\RuangIn\\be\\node_modules\\@prisma\\client\\runtime\\library.js:130:9616)\n' +
    '    at async Object.updateTimKerja (C:\\Users\\USER\\Documents\\NGODING\\MAGANG\\KKP\\RuangIn\\be\\src\\services\\detailUser.service.js:110:35)\n' +
    '    at async updateTimKerja (C:\\Users\\USER\\Documents\\NGODING\\MAGANG\\KKP\\RuangIn\\be\\src\\controllers\\detailUser.controller.js:57:28)',
  path: '/api/v1/tim-kerja/b9d4dcac-2cdd-4562-ba17-90dd54dc8b56',
  method: 'PATCH',
  timestamp: '17-01-2025 15:18:06',
  requestBody: { is_aktif: 'false' },
  requestParams: {},
  requestQuery: {},
  userId: '3d1ebd0e-3f04-44b5-a6db-ae02067cf7df',
  level: 'error'
}
{
  message: 'server is runniing in 8080',
  level: 'info',
  timestamp: '17-01-2025 15:18:20'
}
{
  message: 'server is runniing in 8080',
  level: 'info',
  timestamp: '17-01-2025 15:18:24'
}
{
  message: 'server is runniing in 8080',
  level: 'info',
  timestamp: '17-01-2025 15:18:36'
}
{
  path: '/api/v1/tim-kerja/b9d4dcac-2cdd-4562-ba17-90dd54dc8b56',
  method: 'PATCH',
  ip: '::1',
  level: 'info',
  message: 'Authentication attempt',
  timestamp: '17-01-2025 15:18:44'
}
{
  uuid: '3d1ebd0e-3f04-44b5-a6db-ae02067cf7df',
  role: 'SUPERADMIN',
  path: '/api/v1/tim-kerja/b9d4dcac-2cdd-4562-ba17-90dd54dc8b56',
  level: 'info',
  message: 'Authentication successful',
  timestamp: '17-01-2025 15:18:44'
}
{
  userRole: 'SUPERADMIN',
  userId: '3d1ebd0e-3f04-44b5-a6db-ae02067cf7df',
  path: '/api/v1/tim-kerja/b9d4dcac-2cdd-4562-ba17-90dd54dc8b56',
  level: 'info',
  message: 'Authorization successful',
  timestamp: '17-01-2025 15:18:44'
}
{
  name: 'ResponseError',
  message: 'Nama Tim Kerja Sudah Digunakan',
  stack: 'ResponseError: Nama Tim Kerja Sudah Digunakan\n' +
    '    at Object.updateTimKerja (C:\\Users\\USER\\Documents\\NGODING\\MAGANG\\KKP\\RuangIn\\be\\src\\services\\detailUser.service.js:120:19)\n' +
    '    at async updateTimKerja (C:\\Users\\USER\\Documents\\NGODING\\MAGANG\\KKP\\RuangIn\\be\\src\\controllers\\detailUser.controller.js:57:28)',
  path: '/api/v1/tim-kerja/b9d4dcac-2cdd-4562-ba17-90dd54dc8b56',
  method: 'PATCH',
  timestamp: '17-01-2025 15:18:44',
  requestBody: { is_aktif: 'false' },
  requestParams: {},
  requestQuery: {},
  userId: '3d1ebd0e-3f04-44b5-a6db-ae02067cf7df',
  level: 'error'
}
{
  message: 'server is runniing in 8080',
  level: 'info',
  timestamp: '17-01-2025 15:19:08'
}
{
  path: '/api/v1/tim-kerja/b9d4dcac-2cdd-4562-ba17-90dd54dc8b56',
  method: 'PUT',
  ip: '::1',
  level: 'info',
  message: 'Authentication attempt',
  timestamp: '17-01-2025 15:19:09'
}
{
  uuid: '3d1ebd0e-3f04-44b5-a6db-ae02067cf7df',
  role: 'SUPERADMIN',
  path: '/api/v1/tim-kerja/b9d4dcac-2cdd-4562-ba17-90dd54dc8b56',
  level: 'info',
  message: 'Authentication successful',
  timestamp: '17-01-2025 15:19:09'
}
{
  userRole: 'SUPERADMIN',
  userId: '3d1ebd0e-3f04-44b5-a6db-ae02067cf7df',
  path: '/api/v1/tim-kerja/b9d4dcac-2cdd-4562-ba17-90dd54dc8b56',
  level: 'info',
  message: 'Authorization successful',
  timestamp: '17-01-2025 15:19:09'
}
{
  name: 'ResponseError',
  message: 'Nama Tim Kerja Sudah Digunakan',
  stack: 'ResponseError: Nama Tim Kerja Sudah Digunakan\n' +
    '    at Object.updateTimKerja (C:\\Users\\USER\\Documents\\NGODING\\MAGANG\\KKP\\RuangIn\\be\\src\\services\\detailUser.service.js:120:19)\n' +
    '    at async updateTimKerja (C:\\Users\\USER\\Documents\\NGODING\\MAGANG\\KKP\\RuangIn\\be\\src\\controllers\\detailUser.controller.js:57:28)',
  path: '/api/v1/tim-kerja/b9d4dcac-2cdd-4562-ba17-90dd54dc8b56',
  method: 'PUT',
  timestamp: '17-01-2025 15:19:09',
  requestBody: { is_aktif: 'false' },
  requestParams: {},
  requestQuery: {},
  userId: '3d1ebd0e-3f04-44b5-a6db-ae02067cf7df',
  level: 'error'
}
{
  message: 'server is runniing in 8080',
  level: 'info',
  timestamp: '17-01-2025 15:19:12'
}
{
  path: '/api/v1/tim-kerja/b9d4dcac-2cdd-4562-ba17-90dd54dc8b56',
  method: 'PATCH',
  ip: '::1',
  level: 'info',
  message: 'Authentication attempt',
  timestamp: '17-01-2025 15:19:21'
}
{
  uuid: '3d1ebd0e-3f04-44b5-a6db-ae02067cf7df',
  role: 'SUPERADMIN',
  path: '/api/v1/tim-kerja/b9d4dcac-2cdd-4562-ba17-90dd54dc8b56',
  level: 'info',
  message: 'Authentication successful',
  timestamp: '17-01-2025 15:19:21'
}
{
  userRole: 'SUPERADMIN',
  userId: '3d1ebd0e-3f04-44b5-a6db-ae02067cf7df',
  path: '/api/v1/tim-kerja/b9d4dcac-2cdd-4562-ba17-90dd54dc8b56',
  level: 'info',
  message: 'Authorization successful',
  timestamp: '17-01-2025 15:19:21'
}
{
  name: 'ResponseError',
  message: 'Nama Tim Kerja Sudah Digunakan',
  stack: 'ResponseError: Nama Tim Kerja Sudah Digunakan\n' +
    '    at Object.updateTimKerja (C:\\Users\\USER\\Documents\\NGODING\\MAGANG\\KKP\\RuangIn\\be\\src\\services\\detailUser.service.js:120:19)\n' +
    '    at async updateTimKerja (C:\\Users\\USER\\Documents\\NGODING\\MAGANG\\KKP\\RuangIn\\be\\src\\controllers\\detailUser.controller.js:57:28)',
  path: '/api/v1/tim-kerja/b9d4dcac-2cdd-4562-ba17-90dd54dc8b56',
  method: 'PATCH',
  timestamp: '17-01-2025 15:19:21',
  requestBody: { is_aktif: 'false' },
  requestParams: {},
  requestQuery: {},
  userId: '3d1ebd0e-3f04-44b5-a6db-ae02067cf7df',
  level: 'error'
}
{
  path: '/api/v1/tim-kerja',
  method: 'POST',
  ip: '::1',
  level: 'info',
  message: 'Authentication attempt',
  timestamp: '17-01-2025 15:19:30'
}
{
  uuid: '3d1ebd0e-3f04-44b5-a6db-ae02067cf7df',
  role: 'SUPERADMIN',
  path: '/api/v1/tim-kerja',
  level: 'info',
  message: 'Authentication successful',
  timestamp: '17-01-2025 15:19:30'
}
{
  userRole: 'SUPERADMIN',
  userId: '3d1ebd0e-3f04-44b5-a6db-ae02067cf7df',
  path: '/api/v1/tim-kerja',
  level: 'info',
  message: 'Authorization successful',
  timestamp: '17-01-2025 15:19:30'
}
{
  name: 'ResponseError',
  message: 'Data Sudah Ada',
  stack: 'ResponseError: Data Sudah Ada\n' +
    '    at Object.createTimKerja (C:\\Users\\USER\\Documents\\NGODING\\MAGANG\\KKP\\RuangIn\\be\\src\\services\\detailUser.service.js:13:19)\n' +
    '    at async createTimKerja (C:\\Users\\USER\\Documents\\NGODING\\MAGANG\\KKP\\RuangIn\\be\\src\\controllers\\detailUser.controller.js:8:28)',
  path: '/api/v1/tim-kerja',
  method: 'POST',
  timestamp: '17-01-2025 15:19:30',
  requestBody: {
    nama_tim_kerja: 'Keamanan Siber dan Infrastruktur Teknologi Informas',
    code: 'KSITI',
    is_aktif: ''
  },
  requestParams: {},
  requestQuery: {},
  userId: '3d1ebd0e-3f04-44b5-a6db-ae02067cf7df',
  level: 'error'
}
{
  path: '/api/v1/tim-kerja',
  method: 'GET',
  ip: '::1',
  level: 'info',
  message: 'Authentication attempt',
  timestamp: '17-01-2025 15:19:44'
}
{
  uuid: '3d1ebd0e-3f04-44b5-a6db-ae02067cf7df',
  role: 'SUPERADMIN',
  path: '/api/v1/tim-kerja',
  level: 'info',
  message: 'Authentication successful',
  timestamp: '17-01-2025 15:19:44'
}
{
  path: '/api/v1/tim-kerja/b9d4dcac-2cdd-4562-ba17-90dd54dc8b56',
  method: 'PATCH',
  ip: '::1',
  level: 'info',
  message: 'Authentication attempt',
  timestamp: '17-01-2025 15:20:19'
}
{
  uuid: '3d1ebd0e-3f04-44b5-a6db-ae02067cf7df',
  role: 'SUPERADMIN',
  path: '/api/v1/tim-kerja/b9d4dcac-2cdd-4562-ba17-90dd54dc8b56',
  level: 'info',
  message: 'Authentication successful',
  timestamp: '17-01-2025 15:20:19'
}
{
  userRole: 'SUPERADMIN',
  userId: '3d1ebd0e-3f04-44b5-a6db-ae02067cf7df',
  path: '/api/v1/tim-kerja/b9d4dcac-2cdd-4562-ba17-90dd54dc8b56',
  level: 'info',
  message: 'Authorization successful',
  timestamp: '17-01-2025 15:20:19'
}
{
  name: 'ResponseError',
  message: 'Nama Tim Kerja Sudah Digunakan',
  stack: 'ResponseError: Nama Tim Kerja Sudah Digunakan\n' +
    '    at Object.updateTimKerja (C:\\Users\\USER\\Documents\\NGODING\\MAGANG\\KKP\\RuangIn\\be\\src\\services\\detailUser.service.js:120:19)\n' +
    '    at async updateTimKerja (C:\\Users\\USER\\Documents\\NGODING\\MAGANG\\KKP\\RuangIn\\be\\src\\controllers\\detailUser.controller.js:57:28)',
  path: '/api/v1/tim-kerja/b9d4dcac-2cdd-4562-ba17-90dd54dc8b56',
  method: 'PATCH',
  timestamp: '17-01-2025 15:20:19',
  requestBody: { is_aktif: 'false' },
  requestParams: {},
  requestQuery: {},
  userId: '3d1ebd0e-3f04-44b5-a6db-ae02067cf7df',
  level: 'error'
}
{
  message: 'server is runniing in 8080',
  level: 'info',
  timestamp: '17-01-2025 15:21:24'
}
{
  path: '/api/v1/tim-kerja/b9d4dcac-2cdd-4562-ba17-90dd54dc8b56',
  method: 'PATCH',
  ip: '::1',
  level: 'info',
  message: 'Authentication attempt',
  timestamp: '17-01-2025 15:21:26'
}
{
  uuid: '3d1ebd0e-3f04-44b5-a6db-ae02067cf7df',
  role: 'SUPERADMIN',
  path: '/api/v1/tim-kerja/b9d4dcac-2cdd-4562-ba17-90dd54dc8b56',
  level: 'info',
  message: 'Authentication successful',
  timestamp: '17-01-2025 15:21:26'
}
{
  userRole: 'SUPERADMIN',
  userId: '3d1ebd0e-3f04-44b5-a6db-ae02067cf7df',
  path: '/api/v1/tim-kerja/b9d4dcac-2cdd-4562-ba17-90dd54dc8b56',
  level: 'info',
  message: 'Authorization successful',
  timestamp: '17-01-2025 15:21:26'
}
{
  message: 'server is runniing in 8080',
  level: 'info',
  timestamp: '17-01-2025 15:21:38'
}
{
  message: 'server is runniing in 8080',
  level: 'info',
  timestamp: '17-01-2025 15:21:42'
}
{
  path: '/api/v1/tim-kerja/b9d4dcac-2cdd-4562-ba17-90dd54dc8b56',
  method: 'PATCH',
  ip: '::1',
  level: 'info',
  message: 'Authentication attempt',
  timestamp: '17-01-2025 15:21:46'
}
{
  uuid: '3d1ebd0e-3f04-44b5-a6db-ae02067cf7df',
  role: 'SUPERADMIN',
  path: '/api/v1/tim-kerja/b9d4dcac-2cdd-4562-ba17-90dd54dc8b56',
  level: 'info',
  message: 'Authentication successful',
  timestamp: '17-01-2025 15:21:46'
}
{
  userRole: 'SUPERADMIN',
  userId: '3d1ebd0e-3f04-44b5-a6db-ae02067cf7df',
  path: '/api/v1/tim-kerja/b9d4dcac-2cdd-4562-ba17-90dd54dc8b56',
  level: 'info',
  message: 'Authorization successful',
  timestamp: '17-01-2025 15:21:46'
}
{
  message: 'server is runniing in 8080',
  level: 'info',
  timestamp: '17-01-2025 15:21:52'
}
{
  message: 'server is runniing in 8080',
  level: 'info',
  timestamp: '17-01-2025 15:21:59'
}
{
  name: 'TypeError',
  message: 'this.yhandleAndLogRequestError is not a function',
  stack: 'TypeError: this.yhandleAndLogRequestError is not a function\n' +
    '    at qn.request (C:\\Users\\USER\\Documents\\NGODING\\MAGANG\\KKP\\RuangIn\\be\\node_modules\\@prisma\\client\\runtime\\library.js:121:6347)\n' +
    '    at async l (C:\\Users\\USER\\Documents\\NGODING\\MAGANG\\KKP\\RuangIn\\be\\node_modules\\@prisma\\client\\runtime\\library.js:130:9616)\n' +
    '    at async Object.getAllRuangRapat (C:\\Users\\USER\\Documents\\NGODING\\MAGANG\\KKP\\RuangIn\\be\\src\\services\\ruangRapat.service.js:61:22)\n' +
    '    at async getAllRuangRapat (C:\\Users\\USER\\Documents\\NGODING\\MAGANG\\KKP\\RuangIn\\be\\src\\controllers\\ruangRapat.controller.js:30:28)',
  path: '/api/v1/ruang-rapat',
  method: 'GET',
  timestamp: '17-01-2025 15:48:55',
  requestBody: {},
  requestParams: {},
  requestQuery: {},
  userId: undefined,
  level: 'error'
}
{
  name: 'TypeError',
  message: 'this.yhandleAndLogRequestError is not a function',
  stack: 'TypeError: this.yhandleAndLogRequestError is not a function\n' +
    '    at qn.request (C:\\Users\\USER\\Documents\\NGODING\\MAGANG\\KKP\\RuangIn\\be\\node_modules\\@prisma\\client\\runtime\\library.js:121:6347)\n' +
    '    at async l (C:\\Users\\USER\\Documents\\NGODING\\MAGANG\\KKP\\RuangIn\\be\\node_modules\\@prisma\\client\\runtime\\library.js:130:9616)\n' +
    '    at async Object.getAllRuangRapat (C:\\Users\\USER\\Documents\\NGODING\\MAGANG\\KKP\\RuangIn\\be\\src\\services\\ruangRapat.service.js:61:22)\n' +
    '    at async getAllRuangRapat (C:\\Users\\USER\\Documents\\NGODING\\MAGANG\\KKP\\RuangIn\\be\\src\\controllers\\ruangRapat.controller.js:30:28)',
  path: '/api/v1/ruang-rapat',
  method: 'GET',
  timestamp: '17-01-2025 16:01:27',
  requestBody: {},
  requestParams: {},
  requestQuery: {},
  userId: undefined,
  level: 'error'
}
{
  name: 'TypeError',
  message: 'this.yhandleAndLogRequestError is not a function',
  stack: 'TypeError: this.yhandleAndLogRequestError is not a function\n' +
    '    at qn.request (C:\\Users\\USER\\Documents\\NGODING\\MAGANG\\KKP\\RuangIn\\be\\node_modules\\@prisma\\client\\runtime\\library.js:121:6347)\n' +
    '    at async l (C:\\Users\\USER\\Documents\\NGODING\\MAGANG\\KKP\\RuangIn\\be\\node_modules\\@prisma\\client\\runtime\\library.js:130:9616)\n' +
    '    at async Object.getAllRuangRapat (C:\\Users\\USER\\Documents\\NGODING\\MAGANG\\KKP\\RuangIn\\be\\src\\services\\ruangRapat.service.js:61:22)\n' +
    '    at async getAllRuangRapat (C:\\Users\\USER\\Documents\\NGODING\\MAGANG\\KKP\\RuangIn\\be\\src\\controllers\\ruangRapat.controller.js:30:28)',
  path: '/api/v1/ruang-rapat',
  method: 'GET',
  timestamp: '17-01-2025 16:01:27',
  requestBody: {},
  requestParams: {},
  requestQuery: {},
  userId: undefined,
  level: 'error'
}
{
  name: 'TypeError',
  message: 'this.yhandleAndLogRequestError is not a function',
  stack: 'TypeError: this.yhandleAndLogRequestError is not a function\n' +
    '    at qn.request (C:\\Users\\USER\\Documents\\NGODING\\MAGANG\\KKP\\RuangIn\\be\\node_modules\\@prisma\\client\\runtime\\library.js:121:6347)\n' +
    '    at async l (C:\\Users\\USER\\Documents\\NGODING\\MAGANG\\KKP\\RuangIn\\be\\node_modules\\@prisma\\client\\runtime\\library.js:130:9616)\n' +
    '    at async Object.getAllRuangRapat (C:\\Users\\USER\\Documents\\NGODING\\MAGANG\\KKP\\RuangIn\\be\\src\\services\\ruangRapat.service.js:61:22)\n' +
    '    at async getAllRuangRapat (C:\\Users\\USER\\Documents\\NGODING\\MAGANG\\KKP\\RuangIn\\be\\src\\controllers\\ruangRapat.controller.js:30:28)',
  path: '/api/v1/ruang-rapat',
  method: 'GET',
  timestamp: '17-01-2025 16:01:30',
  requestBody: {},
  requestParams: {},
  requestQuery: {},
  userId: undefined,
  level: 'error'
}
{
  name: 'TypeError',
  message: 'this.yhandleAndLogRequestError is not a function',
  stack: 'TypeError: this.yhandleAndLogRequestError is not a function\n' +
    '    at qn.request (C:\\Users\\USER\\Documents\\NGODING\\MAGANG\\KKP\\RuangIn\\be\\node_modules\\@prisma\\client\\runtime\\library.js:121:6347)\n' +
    '    at async l (C:\\Users\\USER\\Documents\\NGODING\\MAGANG\\KKP\\RuangIn\\be\\node_modules\\@prisma\\client\\runtime\\library.js:130:9616)\n' +
    '    at async Object.getAllRuangRapat (C:\\Users\\USER\\Documents\\NGODING\\MAGANG\\KKP\\RuangIn\\be\\src\\services\\ruangRapat.service.js:61:22)\n' +
    '    at async getAllRuangRapat (C:\\Users\\USER\\Documents\\NGODING\\MAGANG\\KKP\\RuangIn\\be\\src\\controllers\\ruangRapat.controller.js:30:28)',
  path: '/api/v1/ruang-rapat',
  method: 'GET',
  timestamp: '17-01-2025 16:01:30',
  requestBody: {},
  requestParams: {},
  requestQuery: {},
  userId: undefined,
  level: 'error'
}
{
  message: 'server is runniing in 8080',
  level: 'info',
  timestamp: '17-01-2025 16:02:31'
}
{
  path: '/api/v1/me',
  method: 'GET',
  ip: '::1',
  level: 'info',
  message: 'Authentication attempt',
  timestamp: '17-01-2025 16:02:49'
}
{
  uuid: '3d1ebd0e-3f04-44b5-a6db-ae02067cf7df',
  role: 'SUPERADMIN',
  path: '/api/v1/me',
  level: 'info',
  message: 'Authentication successful',
  timestamp: '17-01-2025 16:02:49'
}
{
  path: '/api/v1/pengguna',
  method: 'GET',
  ip: '::1',
  level: 'info',
  message: 'Authentication attempt',
  timestamp: '17-01-2025 16:02:56'
}
{
  uuid: '3d1ebd0e-3f04-44b5-a6db-ae02067cf7df',
  role: 'SUPERADMIN',
  path: '/api/v1/pengguna',
  level: 'info',
  message: 'Authentication successful',
  timestamp: '17-01-2025 16:02:56'
}
{
  name: 'TypeError',
  message: 'this.yhandleAndLogRequestError is not a function',
  stack: 'TypeError: this.yhandleAndLogRequestError is not a function\n' +
    '    at qn.request (C:\\Users\\USER\\Documents\\NGODING\\MAGANG\\KKP\\RuangIn\\be\\node_modules\\@prisma\\client\\runtime\\library.js:121:6347)\n' +
    '    at async l (C:\\Users\\USER\\Documents\\NGODING\\MAGANG\\KKP\\RuangIn\\be\\node_modules\\@prisma\\client\\runtime\\library.js:130:9616)\n' +
    '    at async Object.getAllRuangRapat (C:\\Users\\USER\\Documents\\NGODING\\MAGANG\\KKP\\RuangIn\\be\\src\\services\\ruangRapat.service.js:61:22)\n' +
    '    at async getAllRuangRapat (C:\\Users\\USER\\Documents\\NGODING\\MAGANG\\KKP\\RuangIn\\be\\src\\controllers\\ruangRapat.controller.js:30:28)',
  path: '/api/v1/ruang-rapat',
  method: 'GET',
  timestamp: '17-01-2025 16:03:18',
  requestBody: {},
  requestParams: {},
  requestQuery: {},
  userId: undefined,
  level: 'error'
}
{
  message: 'server is runniing in 8080',
  level: 'info',
  timestamp: '17-01-2025 16:03:48'
}
{
  name: 'TypeError',
  message: 'this.yhandleAndLogRequestError is not a function',
  stack: 'TypeError: this.yhandleAndLogRequestError is not a function\n' +
    '    at qn.request (C:\\Users\\USER\\Documents\\NGODING\\MAGANG\\KKP\\RuangIn\\be\\node_modules\\@prisma\\client\\runtime\\library.js:121:6347)\n' +
    '    at async l (C:\\Users\\USER\\Documents\\NGODING\\MAGANG\\KKP\\RuangIn\\be\\node_modules\\@prisma\\client\\runtime\\library.js:130:9616)\n' +
    '    at async Object.getAllRuangRapat (C:\\Users\\USER\\Documents\\NGODING\\MAGANG\\KKP\\RuangIn\\be\\src\\services\\ruangRapat.service.js:61:22)\n' +
    '    at async getAllRuangRapat (C:\\Users\\USER\\Documents\\NGODING\\MAGANG\\KKP\\RuangIn\\be\\src\\controllers\\ruangRapat.controller.js:30:28)',
  path: '/api/v1/ruang-rapat',
  method: 'GET',
  timestamp: '17-01-2025 16:03:52',
  requestBody: {},
  requestParams: {},
  requestQuery: {},
  userId: undefined,
  level: 'error'
}
{
  name: 'ValidationError',
  message: 'Validation failed',
  stack: 'ValidationError: Validation failed\n' +
    '    at validate (C:\\Users\\USER\\Documents\\NGODING\\MAGANG\\KKP\\RuangIn\\be\\src\\utils\\validation.js:16:15)\n' +
    '    at checkAvailability (C:\\Users\\USER\\Documents\\NGODING\\MAGANG\\KKP\\RuangIn\\be\\src\\controllers\\peminjaman.controller.js:165:31)\n' +
    '    at Layer.handle [as handle_request] (C:\\Users\\USER\\Documents\\NGODING\\MAGANG\\KKP\\RuangIn\\be\\node_modules\\express\\lib\\router\\layer.js:95:5)\n' +
    '    at next (C:\\Users\\USER\\Documents\\NGODING\\MAGANG\\KKP\\RuangIn\\be\\node_modules\\express\\lib\\router\\route.js:137:13)\n' +
    '    at Route.dispatch (C:\\Users\\USER\\Documents\\NGODING\\MAGANG\\KKP\\RuangIn\\be\\node_modules\\express\\lib\\router\\route.js:112:3)\n' +
    '    at Layer.handle [as handle_request] (C:\\Users\\USER\\Documents\\NGODING\\MAGANG\\KKP\\RuangIn\\be\\node_modules\\express\\lib\\router\\layer.js:95:5)\n' +
    '    at C:\\Users\\USER\\Documents\\NGODING\\MAGANG\\KKP\\RuangIn\\be\\node_modules\\express\\lib\\router\\index.js:281:22\n' +
    '    at Function.process_params (C:\\Users\\USER\\Documents\\NGODING\\MAGANG\\KKP\\RuangIn\\be\\node_modules\\express\\lib\\router\\index.js:335:12)\n' +
    '    at next (C:\\Users\\USER\\Documents\\NGODING\\MAGANG\\KKP\\RuangIn\\be\\node_modules\\express\\lib\\router\\index.js:275:10)\n' +
    '    at Function.handle (C:\\Users\\USER\\Documents\\NGODING\\MAGANG\\KKP\\RuangIn\\be\\node_modules\\express\\lib\\router\\index.js:174:3)',
  path: '/api/v1/check',
  method: 'POST',
  timestamp: '17-01-2025 16:04:10',
  requestBody: { tanggal: '', jam: '' },
  requestParams: {},
  requestQuery: {},
  userId: undefined,
  level: 'error'
}
{
  name: 'ValidationError',
  message: 'Validation failed',
  stack: 'ValidationError: Validation failed\n' +
    '    at validate (C:\\Users\\USER\\Documents\\NGODING\\MAGANG\\KKP\\RuangIn\\be\\src\\utils\\validation.js:16:15)\n' +
    '    at checkAvailability (C:\\Users\\USER\\Documents\\NGODING\\MAGANG\\KKP\\RuangIn\\be\\src\\controllers\\peminjaman.controller.js:165:31)\n' +
    '    at Layer.handle [as handle_request] (C:\\Users\\USER\\Documents\\NGODING\\MAGANG\\KKP\\RuangIn\\be\\node_modules\\express\\lib\\router\\layer.js:95:5)\n' +
    '    at next (C:\\Users\\USER\\Documents\\NGODING\\MAGANG\\KKP\\RuangIn\\be\\node_modules\\express\\lib\\router\\route.js:137:13)\n' +
    '    at Route.dispatch (C:\\Users\\USER\\Documents\\NGODING\\MAGANG\\KKP\\RuangIn\\be\\node_modules\\express\\lib\\router\\route.js:112:3)\n' +
    '    at Layer.handle [as handle_request] (C:\\Users\\USER\\Documents\\NGODING\\MAGANG\\KKP\\RuangIn\\be\\node_modules\\express\\lib\\router\\layer.js:95:5)\n' +
    '    at C:\\Users\\USER\\Documents\\NGODING\\MAGANG\\KKP\\RuangIn\\be\\node_modules\\express\\lib\\router\\index.js:281:22\n' +
    '    at Function.process_params (C:\\Users\\USER\\Documents\\NGODING\\MAGANG\\KKP\\RuangIn\\be\\node_modules\\express\\lib\\router\\index.js:335:12)\n' +
    '    at next (C:\\Users\\USER\\Documents\\NGODING\\MAGANG\\KKP\\RuangIn\\be\\node_modules\\express\\lib\\router\\index.js:275:10)\n' +
    '    at Function.handle (C:\\Users\\USER\\Documents\\NGODING\\MAGANG\\KKP\\RuangIn\\be\\node_modules\\express\\lib\\router\\index.js:174:3)',
  path: '/api/v1/check',
  method: 'POST',
  timestamp: '17-01-2025 16:04:11',
  requestBody: { tanggal: '', jam: '' },
  requestParams: {},
  requestQuery: {},
  userId: undefined,
  level: 'error'
}
{
  name: 'TypeError',
  message: 'this.yhandleAndLogRequestError is not a function',
  stack: 'TypeError: this.yhandleAndLogRequestError is not a function\n' +
    '    at qn.request (C:\\Users\\USER\\Documents\\NGODING\\MAGANG\\KKP\\RuangIn\\be\\node_modules\\@prisma\\client\\runtime\\library.js:121:6347)\n' +
    '    at async l (C:\\Users\\USER\\Documents\\NGODING\\MAGANG\\KKP\\RuangIn\\be\\node_modules\\@prisma\\client\\runtime\\library.js:130:9616)\n' +
    '    at async Object.getAllRuangRapat (C:\\Users\\USER\\Documents\\NGODING\\MAGANG\\KKP\\RuangIn\\be\\src\\services\\ruangRapat.service.js:61:22)\n' +
    '    at async getAllRuangRapat (C:\\Users\\USER\\Documents\\NGODING\\MAGANG\\KKP\\RuangIn\\be\\src\\controllers\\ruangRapat.controller.js:30:28)',
  path: '/api/v1/ruang-rapat',
  method: 'GET',
  timestamp: '17-01-2025 16:04:33',
  requestBody: {},
  requestParams: {},
  requestQuery: {},
  userId: undefined,
  level: 'error'
}
{
  name: 'TypeError',
  message: 'this.yhandleAndLogRequestError is not a function',
  stack: 'TypeError: this.yhandleAndLogRequestError is not a function\n' +
    '    at qn.request (C:\\Users\\USER\\Documents\\NGODING\\MAGANG\\KKP\\RuangIn\\be\\node_modules\\@prisma\\client\\runtime\\library.js:121:6347)\n' +
    '    at async l (C:\\Users\\USER\\Documents\\NGODING\\MAGANG\\KKP\\RuangIn\\be\\node_modules\\@prisma\\client\\runtime\\library.js:130:9616)\n' +
    '    at async Object.getAllRuangRapat (C:\\Users\\USER\\Documents\\NGODING\\MAGANG\\KKP\\RuangIn\\be\\src\\services\\ruangRapat.service.js:61:22)\n' +
    '    at async getAllRuangRapat (C:\\Users\\USER\\Documents\\NGODING\\MAGANG\\KKP\\RuangIn\\be\\src\\controllers\\ruangRapat.controller.js:30:28)',
  path: '/api/v1/ruang-rapat',
  method: 'GET',
  timestamp: '17-01-2025 16:04:33',
  requestBody: {},
  requestParams: {},
  requestQuery: {},
  userId: undefined,
  level: 'error'
}
{
  message: 'server is runniing in 8080',
  level: 'info',
  timestamp: '17-01-2025 16:04:58'
}
{
  name: 'TypeError',
  message: 'this.yhandleAndLogRequestError is not a function',
  stack: 'TypeError: this.yhandleAndLogRequestError is not a function\n' +
    '    at qn.request (C:\\Users\\USER\\Documents\\NGODING\\MAGANG\\KKP\\RuangIn\\be\\node_modules\\@prisma\\client\\runtime\\library.js:121:6347)\n' +
    '    at async l (C:\\Users\\USER\\Documents\\NGODING\\MAGANG\\KKP\\RuangIn\\be\\node_modules\\@prisma\\client\\runtime\\library.js:130:9616)\n' +
    '    at async Object.getAllRuangRapat (C:\\Users\\USER\\Documents\\NGODING\\MAGANG\\KKP\\RuangIn\\be\\src\\services\\ruangRapat.service.js:61:22)\n' +
    '    at async getAllRuangRapat (C:\\Users\\USER\\Documents\\NGODING\\MAGANG\\KKP\\RuangIn\\be\\src\\controllers\\ruangRapat.controller.js:30:28)',
  path: '/api/v1/ruang-rapat',
  method: 'GET',
  timestamp: '17-01-2025 16:05:01',
  requestBody: {},
  requestParams: {},
  requestQuery: {},
  userId: undefined,
  level: 'error'
}
{
  name: 'TypeError',
  message: 'this.yhandleAndLogRequestError is not a function',
  stack: 'TypeError: this.yhandleAndLogRequestError is not a function\n' +
    '    at qn.request (C:\\Users\\USER\\Documents\\NGODING\\MAGANG\\KKP\\RuangIn\\be\\node_modules\\@prisma\\client\\runtime\\library.js:121:6347)\n' +
    '    at async l (C:\\Users\\USER\\Documents\\NGODING\\MAGANG\\KKP\\RuangIn\\be\\node_modules\\@prisma\\client\\runtime\\library.js:130:9616)\n' +
    '    at async Object.getAllRuangRapat (C:\\Users\\USER\\Documents\\NGODING\\MAGANG\\KKP\\RuangIn\\be\\src\\services\\ruangRapat.service.js:61:22)\n' +
    '    at async getAllRuangRapat (C:\\Users\\USER\\Documents\\NGODING\\MAGANG\\KKP\\RuangIn\\be\\src\\controllers\\ruangRapat.controller.js:30:28)',
  path: '/api/v1/ruang-rapat',
  method: 'GET',
  timestamp: '17-01-2025 16:05:01',
  requestBody: {},
  requestParams: {},
  requestQuery: {},
  userId: undefined,
  level: 'error'
}
{
  message: 'server is runniing in 8080',
  level: 'info',
  timestamp: '17-01-2025 16:06:24'
}
{
  path: '/api/v1/tim-kerja',
  method: 'GET',
  ip: '::1',
  level: 'info',
  message: 'Authentication attempt',
  timestamp: '17-01-2025 16:07:15'
}
{
  uuid: '3d1ebd0e-3f04-44b5-a6db-ae02067cf7df',
  role: 'SUPERADMIN',
  path: '/api/v1/tim-kerja',
  level: 'info',
  message: 'Authentication successful',
  timestamp: '17-01-2025 16:07:15'
}
{
  path: '/api/v1/divisi/b9d4dcac-2cdd-4562-ba17-90dd54dc8b56',
  method: 'GET',
  ip: '::1',
  level: 'info',
  message: 'Authentication attempt',
  timestamp: '17-01-2025 16:07:24'
}
{
  uuid: '3d1ebd0e-3f04-44b5-a6db-ae02067cf7df',
  role: 'SUPERADMIN',
  path: '/api/v1/divisi/b9d4dcac-2cdd-4562-ba17-90dd54dc8b56',
  level: 'info',
  message: 'Authentication successful',
  timestamp: '17-01-2025 16:07:24'
}
{
  message: 'Request received',
  method: 'GET',
  url: '/api/v1/divisi/b9d4dcac-2cdd-4562-ba17-90dd54dc8b56',
  params: {},
  query: {},
  body: {},
  level: 'info',
  timestamp: '17-01-2025 16:07:24'
}
{
  message: 'Response has no data or errors',
  request: {
    method: 'GET',
    url: '/api/v1/divisi/b9d4dcac-2cdd-4562-ba17-90dd54dc8b56'
  },
  status: 404,
  level: 'info',
  timestamp: '17-01-2025 16:07:24'
}
{
  path: '/api/v1/tim-kerja/b9d4dcac-2cdd-4562-ba17-90dd54dc8b56',
  method: 'GET',
  ip: '::1',
  level: 'info',
  message: 'Authentication attempt',
  timestamp: '17-01-2025 16:07:37'
}
{
  uuid: '3d1ebd0e-3f04-44b5-a6db-ae02067cf7df',
  role: 'SUPERADMIN',
  path: '/api/v1/tim-kerja/b9d4dcac-2cdd-4562-ba17-90dd54dc8b56',
  level: 'info',
  message: 'Authentication successful',
  timestamp: '17-01-2025 16:07:37'
}
{
  path: '/api/v1/tim-kerja/b9d4dcac-2cdd-4562-ba17-90dd54dc8b56',
  method: 'DELETE',
  ip: '::1',
  level: 'info',
  message: 'Authentication attempt',
  timestamp: '17-01-2025 16:07:56'
}
{
  uuid: '3d1ebd0e-3f04-44b5-a6db-ae02067cf7df',
  role: 'SUPERADMIN',
  path: '/api/v1/tim-kerja/b9d4dcac-2cdd-4562-ba17-90dd54dc8b56',
  level: 'info',
  message: 'Authentication successful',
  timestamp: '17-01-2025 16:07:56'
}
{
  userRole: 'SUPERADMIN',
  userId: '3d1ebd0e-3f04-44b5-a6db-ae02067cf7df',
  path: '/api/v1/tim-kerja/b9d4dcac-2cdd-4562-ba17-90dd54dc8b56',
  level: 'info',
  message: 'Authorization successful',
  timestamp: '17-01-2025 16:07:56'
}
{
  name: 'TypeError',
  message: "Cannot read properties of null (reading 'length')",
  stack: "TypeError: Cannot read properties of null (reading 'length')\n" +
    '    at Object.deleteTimKerja (C:\\Users\\USER\\Documents\\NGODING\\MAGANG\\KKP\\RuangIn\\be\\src\\services\\detailUser.service.js:171:38)\n' +
    '    at async deleteTimKerja (C:\\Users\\USER\\Documents\\NGODING\\MAGANG\\KKP\\RuangIn\\be\\src\\controllers\\detailUser.controller.js:71:28)',
  path: '/api/v1/tim-kerja/b9d4dcac-2cdd-4562-ba17-90dd54dc8b56',
  method: 'DELETE',
  timestamp: '17-01-2025 16:07:56',
  requestBody: {},
  requestParams: {},
  requestQuery: {},
  userId: '3d1ebd0e-3f04-44b5-a6db-ae02067cf7df',
  level: 'error'
}
{
  path: '/api/v1/statistik',
  method: 'GET',
  ip: '::1',
  level: 'info',
  message: 'Authentication attempt',
  timestamp: '17-01-2025 16:08:32'
}
{
  error: 'jwt expired',
  stack: 'TokenExpiredError: jwt expired\n' +
    '    at C:\\Users\\USER\\Documents\\NGODING\\MAGANG\\KKP\\RuangIn\\be\\node_modules\\jsonwebtoken\\verify.js:190:21\n' +
    '    at getSecret (C:\\Users\\USER\\Documents\\NGODING\\MAGANG\\KKP\\RuangIn\\be\\node_modules\\jsonwebtoken\\verify.js:97:14)\n' +
    '    at module.exports [as verify] (C:\\Users\\USER\\Documents\\NGODING\\MAGANG\\KKP\\RuangIn\\be\\node_modules\\jsonwebtoken\\verify.js:101:10)\n' +
    '    at decodeToken (C:\\Users\\USER\\Documents\\NGODING\\MAGANG\\KKP\\RuangIn\\be\\src\\utils\\jwt.js:18:14)\n' +
    '    at authenticate (C:\\Users\\USER\\Documents\\NGODING\\MAGANG\\KKP\\RuangIn\\be\\src\\middlewares\\auth.middleware.js:38:16)\n' +
    '    at Layer.handle [as handle_request] (C:\\Users\\USER\\Documents\\NGODING\\MAGANG\\KKP\\RuangIn\\be\\node_modules\\express\\lib\\router\\layer.js:95:5)\n' +
    '    at trim_prefix (C:\\Users\\USER\\Documents\\NGODING\\MAGANG\\KKP\\RuangIn\\be\\node_modules\\express\\lib\\router\\index.js:317:13)\n' +
    '    at C:\\Users\\USER\\Documents\\NGODING\\MAGANG\\KKP\\RuangIn\\be\\node_modules\\express\\lib\\router\\index.js:284:7\n' +
    '    at Function.process_params (C:\\Users\\USER\\Documents\\NGODING\\MAGANG\\KKP\\RuangIn\\be\\node_modules\\express\\lib\\router\\index.js:335:12)\n' +
    '    at next (C:\\Users\\USER\\Documents\\NGODING\\MAGANG\\KKP\\RuangIn\\be\\node_modules\\express\\lib\\router\\index.js:275:10)',
  path: '/api/v1/statistik',
  level: 'error',
  message: 'Token decode error',
  timestamp: '17-01-2025 16:08:32'
}
{
  path: '/api/v1/statistik',
  method: 'GET',
  ip: '::1',
  level: 'info',
  message: 'Authentication attempt',
  timestamp: '17-01-2025 16:08:44'
}
{
  uuid: '3d1ebd0e-3f04-44b5-a6db-ae02067cf7df',
  role: 'SUPERADMIN',
  path: '/api/v1/statistik',
  level: 'info',
  message: 'Authentication successful',
  timestamp: '17-01-2025 16:08:44'
}
{
  path: '/api/v2/statistik',
  method: 'GET',
  ip: '::1',
  level: 'info',
  message: 'Authentication attempt',
  timestamp: '17-01-2025 16:09:01'
}
{
  uuid: '3d1ebd0e-3f04-44b5-a6db-ae02067cf7df',
  role: 'SUPERADMIN',
  path: '/api/v2/statistik',
  level: 'info',
  message: 'Authentication successful',
  timestamp: '17-01-2025 16:09:01'
}
{
  name: 'TypeError',
  message: 'this.yhandleAndLogRequestError is not a function',
  stack: 'TypeError: this.yhandleAndLogRequestError is not a function\n' +
    '    at qn.request (C:\\Users\\USER\\Documents\\NGODING\\MAGANG\\KKP\\RuangIn\\be\\node_modules\\@prisma\\client\\runtime\\library.js:121:6347)\n' +
    '    at async l (C:\\Users\\USER\\Documents\\NGODING\\MAGANG\\KKP\\RuangIn\\be\\node_modules\\@prisma\\client\\runtime\\library.js:130:9616)\n' +
    '    at async Object.getAllRuangRapat (C:\\Users\\USER\\Documents\\NGODING\\MAGANG\\KKP\\RuangIn\\be\\src\\services\\ruangRapat.service.js:61:22)\n' +
    '    at async getAllRuangRapat (C:\\Users\\USER\\Documents\\NGODING\\MAGANG\\KKP\\RuangIn\\be\\src\\controllers\\ruangRapat.controller.js:30:28)',
  path: '/api/v1/ruang-rapat',
  method: 'GET',
  timestamp: '17-01-2025 16:09:17',
  requestBody: {},
  requestParams: {},
  requestQuery: {},
  userId: undefined,
  level: 'error'
}
{
  message: 'server is runniing in 8080',
  level: 'info',
  timestamp: '17-01-2025 16:09:58'
}
{
  message: 'server is runniing in 8080',
  level: 'info',
  timestamp: '17-01-2025 16:10:03'
}
{
  name: 'TypeError',
  message: 'this.yhandleAndLogRequestError is not a function',
  stack: 'TypeError: this.yhandleAndLogRequestError is not a function\n' +
    '    at qn.request (C:\\Users\\USER\\Documents\\NGODING\\MAGANG\\KKP\\RuangIn\\be\\node_modules\\@prisma\\client\\runtime\\library.js:121:6347)\n' +
    '    at async l (C:\\Users\\USER\\Documents\\NGODING\\MAGANG\\KKP\\RuangIn\\be\\node_modules\\@prisma\\client\\runtime\\library.js:130:9616)\n' +
    '    at async Object.getAllRuangRapat (C:\\Users\\USER\\Documents\\NGODING\\MAGANG\\KKP\\RuangIn\\be\\src\\services\\ruangRapat.service.js:61:22)\n' +
    '    at async getAllRuangRapat (C:\\Users\\USER\\Documents\\NGODING\\MAGANG\\KKP\\RuangIn\\be\\src\\controllers\\ruangRapat.controller.js:30:28)',
  path: '/api/v1/ruang-rapat',
  method: 'GET',
  timestamp: '17-01-2025 16:10:07',
  requestBody: {},
  requestParams: {},
  requestQuery: {},
  userId: undefined,
  level: 'error'
}
{
  message: 'server is runniing in 8080',
  level: 'info',
  timestamp: '17-01-2025 16:10:20'
}
{
  name: 'TypeError',
  message: 'this.yhandleAndLogRequestError is not a function',
  stack: 'TypeError: this.yhandleAndLogRequestError is not a function\n' +
    '    at qn.request (C:\\Users\\USER\\Documents\\NGODING\\MAGANG\\KKP\\RuangIn\\be\\node_modules\\@prisma\\client\\runtime\\library.js:121:6347)\n' +
    '    at async l (C:\\Users\\USER\\Documents\\NGODING\\MAGANG\\KKP\\RuangIn\\be\\node_modules\\@prisma\\client\\runtime\\library.js:130:9616)\n' +
    '    at async Object.getAllRuangRapat (C:\\Users\\USER\\Documents\\NGODING\\MAGANG\\KKP\\RuangIn\\be\\src\\services\\ruangRapat.service.js:61:22)\n' +
    '    at async getAllRuangRapat (C:\\Users\\USER\\Documents\\NGODING\\MAGANG\\KKP\\RuangIn\\be\\src\\controllers\\ruangRapat.controller.js:30:28)',
  path: '/api/v1/ruang-rapat',
  method: 'GET',
  timestamp: '17-01-2025 16:10:33',
  requestBody: {},
  requestParams: {},
  requestQuery: {},
  userId: undefined,
  level: 'error'
}
{
  message: 'server is runniing in 8080',
  level: 'info',
  timestamp: '17-01-2025 16:11:40'
}
{
  name: 'TypeError',
  message: 'this.yhandleAndLogRequestError is not a function',
  stack: 'TypeError: this.yhandleAndLogRequestError is not a function\n' +
    '    at qn.request (C:\\Users\\USER\\Documents\\NGODING\\MAGANG\\KKP\\RuangIn\\be\\node_modules\\@prisma\\client\\runtime\\library.js:121:6347)\n' +
    '    at async l (C:\\Users\\USER\\Documents\\NGODING\\MAGANG\\KKP\\RuangIn\\be\\node_modules\\@prisma\\client\\runtime\\library.js:130:9616)\n' +
    '    at async Object.getAllRuangRapat (C:\\Users\\USER\\Documents\\NGODING\\MAGANG\\KKP\\RuangIn\\be\\src\\services\\ruangRapat.service.js:61:22)\n' +
    '    at async getAllRuangRapat (C:\\Users\\USER\\Documents\\NGODING\\MAGANG\\KKP\\RuangIn\\be\\src\\controllers\\ruangRapat.controller.js:30:28)',
  path: '/api/v1/ruang-rapat',
  method: 'GET',
  timestamp: '17-01-2025 16:11:47',
  requestBody: {},
  requestParams: {},
  requestQuery: {},
  userId: undefined,
  level: 'error'
}
{
  message: 'server is runniing in 8080',
  level: 'info',
  timestamp: '17-01-2025 16:11:56'
}
{
  message: 'server is runniing in 8080',
  level: 'info',
  timestamp: '17-01-2025 16:12:07'
}
{
  message: 'server is runniing in 8080',
  level: 'info',
  timestamp: '17-01-2025 16:12:32'
}
{
  message: 'server is runniing in 8080',
  level: 'info',
  timestamp: '17-01-2025 16:12:33'
}
{
  message: 'server is runniing in 8080',
  level: 'info',
  timestamp: '17-01-2025 16:12:36'
}
{
  path: '/api/v1/ruang-rapat',
  method: 'POST',
  ip: '::1',
  level: 'info',
  message: 'Authentication attempt',
  timestamp: '17-01-2025 16:13:19'
}
{
  uuid: '3d1ebd0e-3f04-44b5-a6db-ae02067cf7df',
  role: 'SUPERADMIN',
  path: '/api/v1/ruang-rapat',
  level: 'info',
  message: 'Authentication successful',
  timestamp: '17-01-2025 16:13:19'
}
{
  userRole: 'SUPERADMIN',
  userId: '3d1ebd0e-3f04-44b5-a6db-ae02067cf7df',
  path: '/api/v1/ruang-rapat',
  level: 'info',
  message: 'Authorization successful',
  timestamp: '17-01-2025 16:13:19'
}
{
  path: '/api/v1/ruang-rapat/9f1b6d39-e3bf-4903-a878-2c7cc0f72372',
  method: 'PATCH',
  ip: '::1',
  level: 'info',
  message: 'Authentication attempt',
  timestamp: '17-01-2025 16:13:58'
}
{
  uuid: '3d1ebd0e-3f04-44b5-a6db-ae02067cf7df',
  role: 'SUPERADMIN',
  path: '/api/v1/ruang-rapat/9f1b6d39-e3bf-4903-a878-2c7cc0f72372',
  level: 'info',
  message: 'Authentication successful',
  timestamp: '17-01-2025 16:13:58'
}
{
  userRole: 'SUPERADMIN',
  userId: '3d1ebd0e-3f04-44b5-a6db-ae02067cf7df',
  path: '/api/v1/ruang-rapat/9f1b6d39-e3bf-4903-a878-2c7cc0f72372',
  level: 'info',
  message: 'Authorization successful',
  timestamp: '17-01-2025 16:13:58'
}
{
  message: 'server is runniing in 8080',
  level: 'info',
  timestamp: '17-01-2025 16:19:29'
}
{
  message: 'server is runniing in 8080',
  level: 'info',
  timestamp: '19-01-2025 03:17:36'
}
{
  path: '/favicon.ico',
  method: 'GET',
  ip: '::1',
  level: 'info',
  message: 'Authentication attempt',
  timestamp: '19-01-2025 10:07:14'
}
{
  token: 'Missing',
  path: '/favicon.ico',
  level: 'warn',
  message: 'Missing or invalid token format',
  timestamp: '19-01-2025 10:07:14'
}
{
  name: 'ResponseError',
  message: 'User not found',
  stack: 'ResponseError: User not found\n' +
    '    at Object.login (C:\\Users\\USER\\Documents\\NGODING\\MAGANG\\KKP\\RuangIn\\be\\src\\services\\auth.service.js:21:19)\n' +
    '    at async login (C:\\Users\\USER\\Documents\\NGODING\\MAGANG\\KKP\\RuangIn\\be\\src\\controllers\\auth.controller.js:12:28)',
  path: '/api/v1/login',
  method: 'POST',
  timestamp: '19-01-2025 10:08:08',
  requestBody: { email: 'admin@pusdatin.id', kata_sandi: '@Test123!' },
  requestParams: {},
  requestQuery: {},
  userId: undefined,
  level: 'error'
}
{
  path: '/api/v1/me',
  method: 'GET',
  ip: '::1',
  level: 'info',
  message: 'Authentication attempt',
  timestamp: '19-01-2025 10:08:22'
}
{
  uuid: '3d1ebd0e-3f04-44b5-a6db-ae02067cf7df',
  role: 'SUPERADMIN',
  path: '/api/v1/me',
  level: 'info',
  message: 'Authentication successful',
  timestamp: '19-01-2025 10:08:22'
}
{
  path: '/api/v1/pengguna',
  method: 'GET',
  ip: '::1',
  level: 'info',
  message: 'Authentication attempt',
  timestamp: '19-01-2025 10:08:28'
}
{
  uuid: '3d1ebd0e-3f04-44b5-a6db-ae02067cf7df',
  role: 'SUPERADMIN',
  path: '/api/v1/pengguna',
  level: 'info',
  message: 'Authentication successful',
  timestamp: '19-01-2025 10:08:28'
}
{
  path: '/api/v1/tim-kerja',
  method: 'GET',
  ip: '::1',
  level: 'info',
  message: 'Authentication attempt',
  timestamp: '19-01-2025 10:10:07'
}
{
  uuid: '3d1ebd0e-3f04-44b5-a6db-ae02067cf7df',
  role: 'SUPERADMIN',
  path: '/api/v1/tim-kerja',
  level: 'info',
  message: 'Authentication successful',
  timestamp: '19-01-2025 10:10:07'
}
{
  path: '/api/v1/pengguna',
  method: 'GET',
  ip: '::1',
  level: 'info',
  message: 'Authentication attempt',
  timestamp: '19-01-2025 10:11:16'
}
{
  uuid: '3d1ebd0e-3f04-44b5-a6db-ae02067cf7df',
  role: 'SUPERADMIN',
  path: '/api/v1/pengguna',
  level: 'info',
  message: 'Authentication successful',
  timestamp: '19-01-2025 10:11:16'
}
{
  path: '/api/v1/tim-kerja',
  method: 'GET',
  ip: '::1',
  level: 'info',
  message: 'Authentication attempt',
  timestamp: '19-01-2025 10:11:32'
}
{
  uuid: '3d1ebd0e-3f04-44b5-a6db-ae02067cf7df',
  role: 'SUPERADMIN',
  path: '/api/v1/tim-kerja',
  level: 'info',
  message: 'Authentication successful',
  timestamp: '19-01-2025 10:11:32'
}
{
  path: '/api/v2/statistik',
  method: 'GET',
  ip: '::1',
  level: 'info',
  message: 'Authentication attempt',
  timestamp: '19-01-2025 10:11:41'
}
{
  uuid: '3d1ebd0e-3f04-44b5-a6db-ae02067cf7df',
  role: 'SUPERADMIN',
  path: '/api/v2/statistik',
  level: 'info',
  message: 'Authentication successful',
  timestamp: '19-01-2025 10:11:41'
}
{
  path: '/api/v1/peminjaman',
  method: 'POST',
  ip: '::1',
  level: 'info',
  message: 'Authentication attempt',
  timestamp: '19-01-2025 10:14:13'
}
{
  uuid: '3d1ebd0e-3f04-44b5-a6db-ae02067cf7df',
  role: 'SUPERADMIN',
  path: '/api/v1/peminjaman',
  level: 'info',
  message: 'Authentication successful',
  timestamp: '19-01-2025 10:14:13'
}
{
  userRole: 'SUPERADMIN',
  requiredRoles: [ 'PEMINJAM', 'ADMIN' ],
  userId: '3d1ebd0e-3f04-44b5-a6db-ae02067cf7df',
  path: '/api/v1/peminjaman',
  level: 'warn',
  message: 'Authorization failed',
  timestamp: '19-01-2025 10:14:13'
}
{
  path: '/api/v1/register',
  method: 'POST',
  ip: '::1',
  level: 'info',
  message: 'Authentication attempt',
  timestamp: '19-01-2025 10:14:40'
}
{
  uuid: '3d1ebd0e-3f04-44b5-a6db-ae02067cf7df',
  role: 'SUPERADMIN',
  path: '/api/v1/register',
  level: 'info',
  message: 'Authentication successful',
  timestamp: '19-01-2025 10:14:40'
}
{
  userRole: 'SUPERADMIN',
  userId: '3d1ebd0e-3f04-44b5-a6db-ae02067cf7df',
  path: '/api/v1/register',
  level: 'info',
  message: 'Authorization successful',
  timestamp: '19-01-2025 10:14:40'
}
{
  name: 'ResponseError',
  message: 'User with role ADMIN already exists',
  stack: 'ResponseError: User with role ADMIN already exists\n' +
    '    at Object.register (C:\\Users\\USER\\Documents\\NGODING\\MAGANG\\KKP\\RuangIn\\be\\src\\services\\auth.service.js:64:23)\n' +
    '    at async register (C:\\Users\\USER\\Documents\\NGODING\\MAGANG\\KKP\\RuangIn\\be\\src\\controllers\\auth.controller.js:27:28)',
  path: '/api/v1/register',
  method: 'POST',
  timestamp: '19-01-2025 10:14:40',
  requestBody: {
    email: 'admin@pusdatin.id',
    nama_lengkap: 'roberto',
    role: 'ADMIN',
    kontak: '+6285264687390',
    tim_kerja_id: '7abc27ce-db64-4606-bdda-5269ca3a68af'
  },
  requestParams: {},
  requestQuery: {},
  userId: '3d1ebd0e-3f04-44b5-a6db-ae02067cf7df',
  level: 'error'
}
{
  name: 'ResponseError',
  message: 'User not found',
  stack: 'ResponseError: User not found\n' +
    '    at Object.login (C:\\Users\\USER\\Documents\\NGODING\\MAGANG\\KKP\\RuangIn\\be\\src\\services\\auth.service.js:21:19)\n' +
    '    at async login (C:\\Users\\USER\\Documents\\NGODING\\MAGANG\\KKP\\RuangIn\\be\\src\\controllers\\auth.controller.js:12:28)',
  path: '/api/v1/login',
  method: 'POST',
  timestamp: '19-01-2025 10:14:52',
  requestBody: { email: 'admin@pusdatin.id', kata_sandi: '@Test123!' },
  requestParams: {},
  requestQuery: {},
  userId: undefined,
  level: 'error'
}
{
  path: '/api/v1/peminjaman',
  method: 'POST',
  ip: '::1',
  level: 'info',
  message: 'Authentication attempt',
  timestamp: '19-01-2025 10:15:17'
}
{
  error: 'jwt malformed',
  stack: 'JsonWebTokenError: jwt malformed\n' +
    '    at module.exports [as verify] (C:\\Users\\USER\\Documents\\NGODING\\MAGANG\\KKP\\RuangIn\\be\\node_modules\\jsonwebtoken\\verify.js:70:17)\n' +
    '    at decodeToken (C:\\Users\\USER\\Documents\\NGODING\\MAGANG\\KKP\\RuangIn\\be\\src\\utils\\jwt.js:18:14)\n' +
    '    at authenticate (C:\\Users\\USER\\Documents\\NGODING\\MAGANG\\KKP\\RuangIn\\be\\src\\middlewares\\auth.middleware.js:38:16)\n' +
    '    at Layer.handle [as handle_request] (C:\\Users\\USER\\Documents\\NGODING\\MAGANG\\KKP\\RuangIn\\be\\node_modules\\express\\lib\\router\\layer.js:95:5)\n' +
    '    at trim_prefix (C:\\Users\\USER\\Documents\\NGODING\\MAGANG\\KKP\\RuangIn\\be\\node_modules\\express\\lib\\router\\index.js:317:13)\n' +
    '    at C:\\Users\\USER\\Documents\\NGODING\\MAGANG\\KKP\\RuangIn\\be\\node_modules\\express\\lib\\router\\index.js:284:7\n' +
    '    at Function.process_params (C:\\Users\\USER\\Documents\\NGODING\\MAGANG\\KKP\\RuangIn\\be\\node_modules\\express\\lib\\router\\index.js:335:12)\n' +
    '    at next (C:\\Users\\USER\\Documents\\NGODING\\MAGANG\\KKP\\RuangIn\\be\\node_modules\\express\\lib\\router\\index.js:275:10)\n' +
    '    at Function.handle (C:\\Users\\USER\\Documents\\NGODING\\MAGANG\\KKP\\RuangIn\\be\\node_modules\\express\\lib\\router\\index.js:174:3)\n' +
    '    at router (C:\\Users\\USER\\Documents\\NGODING\\MAGANG\\KKP\\RuangIn\\be\\node_modules\\express\\lib\\router\\index.js:47:12)',
  path: '/api/v1/peminjaman',
  level: 'error',
  message: 'Token decode error',
  timestamp: '19-01-2025 10:15:17'
}
{
  path: '/api/v1/statistik',
  method: 'GET',
  ip: '::1',
  level: 'info',
  message: 'Authentication attempt',
  timestamp: '19-01-2025 10:15:43'
}
{
  uuid: '03097243-5e2c-42a5-b182-28bc1cf80141',
  role: 'ADMIN',
  path: '/api/v1/statistik',
  level: 'info',
  message: 'Authentication successful',
  timestamp: '19-01-2025 10:15:43'
}
{
  path: '/api/v1/peminjaman',
  method: 'POST',
  ip: '::1',
  level: 'info',
  message: 'Authentication attempt',
  timestamp: '19-01-2025 10:15:48'
}
{
  uuid: '03097243-5e2c-42a5-b182-28bc1cf80141',
  role: 'ADMIN',
  path: '/api/v1/peminjaman',
  level: 'info',
  message: 'Authentication successful',
  timestamp: '19-01-2025 10:15:48'
}
{
  userRole: 'ADMIN',
  userId: '03097243-5e2c-42a5-b182-28bc1cf80141',
  path: '/api/v1/peminjaman',
  level: 'info',
  message: 'Authorization successful',
  timestamp: '19-01-2025 10:15:48'
}
{
  path: '/api/v1/peminjaman/581633e9-5f39-4a00-ad3e-da0e50f1402d/status',
  method: 'PATCH',
  ip: '::1',
  level: 'info',
  message: 'Authentication attempt',
  timestamp: '19-01-2025 10:16:14'
}
{
  uuid: '03097243-5e2c-42a5-b182-28bc1cf80141',
  role: 'ADMIN',
  path: '/api/v1/peminjaman/581633e9-5f39-4a00-ad3e-da0e50f1402d/status',
  level: 'info',
  message: 'Authentication successful',
  timestamp: '19-01-2025 10:16:14'
}
{
  userRole: 'ADMIN',
  userId: '03097243-5e2c-42a5-b182-28bc1cf80141',
  path: '/api/v1/peminjaman/581633e9-5f39-4a00-ad3e-da0e50f1402d/status',
  level: 'info',
  message: 'Authorization successful',
  timestamp: '19-01-2025 10:16:14'
}
{
  name: 'ValidationError',
  message: 'Validation failed',
  stack: 'ValidationError: Validation failed\n' +
    '    at validate (C:\\Users\\USER\\Documents\\NGODING\\MAGANG\\KKP\\RuangIn\\be\\src\\utils\\validation.js:16:15)\n' +
    '    at updateStatus (C:\\Users\\USER\\Documents\\NGODING\\MAGANG\\KKP\\RuangIn\\be\\src\\controllers\\peminjaman.controller.js:23:35)\n' +
    '    at Layer.handle [as handle_request] (C:\\Users\\USER\\Documents\\NGODING\\MAGANG\\KKP\\RuangIn\\be\\node_modules\\express\\lib\\router\\layer.js:95:5)\n' +
    '    at next (C:\\Users\\USER\\Documents\\NGODING\\MAGANG\\KKP\\RuangIn\\be\\node_modules\\express\\lib\\router\\route.js:137:13)\n' +
    '    at C:\\Users\\USER\\Documents\\NGODING\\MAGANG\\KKP\\RuangIn\\be\\src\\middlewares\\auth.middleware.js:146:5\n' +
    '    at Layer.handle [as handle_request] (C:\\Users\\USER\\Documents\\NGODING\\MAGANG\\KKP\\RuangIn\\be\\node_modules\\express\\lib\\router\\layer.js:95:5)\n' +
    '    at next (C:\\Users\\USER\\Documents\\NGODING\\MAGANG\\KKP\\RuangIn\\be\\node_modules\\express\\lib\\router\\route.js:137:13)\n' +
    '    at Route.dispatch (C:\\Users\\USER\\Documents\\NGODING\\MAGANG\\KKP\\RuangIn\\be\\node_modules\\express\\lib\\router\\route.js:112:3)\n' +
    '    at Layer.handle [as handle_request] (C:\\Users\\USER\\Documents\\NGODING\\MAGANG\\KKP\\RuangIn\\be\\node_modules\\express\\lib\\router\\layer.js:95:5)\n' +
    '    at C:\\Users\\USER\\Documents\\NGODING\\MAGANG\\KKP\\RuangIn\\be\\node_modules\\express\\lib\\router\\index.js:281:22',
  path: '/api/v1/peminjaman/581633e9-5f39-4a00-ad3e-da0e50f1402d/status',
  method: 'PATCH',
  timestamp: '19-01-2025 10:16:14',
  requestBody: { status: 'DITOLAK' },
  requestParams: {},
  requestQuery: {},
  userId: '03097243-5e2c-42a5-b182-28bc1cf80141',
  level: 'error'
}
{
  path: '/api/v1/peminjaman/581633e9-5f39-4a00-ad3e-da0e50f1402d',
  method: 'GET',
  ip: '::1',
  level: 'info',
  message: 'Authentication attempt',
  timestamp: '19-01-2025 10:16:22'
}
{
  uuid: '03097243-5e2c-42a5-b182-28bc1cf80141',
  role: 'ADMIN',
  path: '/api/v1/peminjaman/581633e9-5f39-4a00-ad3e-da0e50f1402d',
  level: 'info',
  message: 'Authentication successful',
  timestamp: '19-01-2025 10:16:22'
}
{
  path: '/api/v1/peminjaman',
  method: 'GET',
  ip: '::1',
  level: 'info',
  message: 'Authentication attempt',
  timestamp: '19-01-2025 10:16:30'
}
{
  uuid: '03097243-5e2c-42a5-b182-28bc1cf80141',
  role: 'ADMIN',
  path: '/api/v1/peminjaman',
  level: 'info',
  message: 'Authentication successful',
  timestamp: '19-01-2025 10:16:30'
}
{
  path: '/api/v2/peminjaman',
  method: 'GET',
  ip: '::1',
  level: 'info',
  message: 'Authentication attempt',
  timestamp: '19-01-2025 10:16:36'
}
{
  uuid: '03097243-5e2c-42a5-b182-28bc1cf80141',
  role: 'ADMIN',
  path: '/api/v2/peminjaman',
  level: 'info',
  message: 'Authentication successful',
  timestamp: '19-01-2025 10:16:36'
}
{
  path: '/api/v2/peminjaman',
  method: 'GET',
  ip: '::1',
  level: 'info',
  message: 'Authentication attempt',
  timestamp: '19-01-2025 10:17:08'
}
{
  uuid: '03097243-5e2c-42a5-b182-28bc1cf80141',
  role: 'ADMIN',
  path: '/api/v2/peminjaman',
  level: 'info',
  message: 'Authentication successful',
  timestamp: '19-01-2025 10:17:08'
}
{
  path: '/api/v2/peminjaman/diproses',
  method: 'GET',
  ip: '::1',
  level: 'info',
  message: 'Authentication attempt',
  timestamp: '19-01-2025 10:17:58'
}
{
  uuid: '03097243-5e2c-42a5-b182-28bc1cf80141',
  role: 'ADMIN',
  path: '/api/v2/peminjaman/diproses',
  level: 'info',
  message: 'Authentication successful',
  timestamp: '19-01-2025 10:17:58'
}
{
  message: 'server is runniing in 8080',
  level: 'info',
  timestamp: '19-01-2025 10:25:50'
}
{
  message: 'server is runniing in 8080',
  level: 'info',
  timestamp: '19-01-2025 10:31:13'
}
{
  message: 'server is runniing in 8080',
  level: 'info',
  timestamp: '19-01-2025 10:31:34'
}
{
  message: 'server is runniing in 8080',
  level: 'info',
  timestamp: '19-01-2025 10:31:37'
}
{
  message: 'server is runniing in 8080',
  level: 'info',
  timestamp: '19-01-2025 10:31:38'
}
{
  message: 'server is runniing in 8080',
  level: 'info',
  timestamp: '19-01-2025 10:32:32'
}
{
  message: 'server is runniing in 8080',
  level: 'info',
  timestamp: '19-01-2025 10:32:34'
}
{
  message: 'server is runniing in 8080',
  level: 'info',
  timestamp: '19-01-2025 10:33:13'
}
{
  message: 'server is runniing in 8080',
  level: 'info',
  timestamp: '19-01-2025 10:33:19'
}
{
  message: 'server is runniing in 8080',
  level: 'info',
  timestamp: '19-01-2025 10:33:28'
}
{
  message: 'server is runniing in 8080',
  level: 'info',
  timestamp: '19-01-2025 10:33:31'
}
{
  message: 'server is runniing in 8080',
  level: 'info',
  timestamp: '19-01-2025 10:33:33'
}
{
  message: 'server is runniing in 8080',
  level: 'info',
  timestamp: '19-01-2025 10:33:35'
}
{
  message: 'server is runniing in 8080',
  level: 'info',
  timestamp: '19-01-2025 10:33:39'
}
{
  message: 'server is runniing in 8080',
  level: 'info',
  timestamp: '19-01-2025 10:34:16'
}
{
  message: 'server is runniing in 8080',
  level: 'info',
  timestamp: '19-01-2025 10:34:19'
}
{
  message: 'server is runniing in 8080',
  level: 'info',
  timestamp: '19-01-2025 10:34:25'
}
{
  message: 'server is runniing in 8080',
  level: 'info',
  timestamp: '19-01-2025 10:34:28'
}
{
  message: 'server is runniing in 8080',
  level: 'info',
  timestamp: '19-01-2025 10:34:31'
}
{
  message: 'server is runniing in 8080',
  level: 'info',
  timestamp: '19-01-2025 10:34:43'
}
{
  message: 'server is runniing in 8080',
  level: 'info',
  timestamp: '19-01-2025 10:34:50'
}
{
  message: 'server is runniing in 8080',
  level: 'info',
  timestamp: '19-01-2025 10:34:52'
}
{
  message: 'server is runniing in 8080',
  level: 'info',
  timestamp: '19-01-2025 10:34:55'
}
{
  message: 'server is runniing in 8080',
  level: 'info',
  timestamp: '19-01-2025 10:35:40'
}
{
  message: 'server is runniing in 8080',
  level: 'info',
  timestamp: '19-01-2025 10:35:48'
}
{
  message: 'server is runniing in 8080',
  level: 'info',
  timestamp: '19-01-2025 10:35:51'
}
{
  message: 'server is runniing in 8080',
  level: 'info',
  timestamp: '19-01-2025 10:36:36'
}
{
  message: 'server is runniing in 8080',
  level: 'info',
  timestamp: '19-01-2025 10:37:08'
}
{
  message: 'server is runniing in 8080',
  level: 'info',
  timestamp: '19-01-2025 10:37:24'
}
{
  message: 'server is runniing in 8080',
  level: 'info',
  timestamp: '19-01-2025 10:37:30'
}
{
  message: 'server is runniing in 8080',
  level: 'info',
  timestamp: '19-01-2025 10:37:39'
}
{
  message: 'server is runniing in 8080',
  level: 'info',
  timestamp: '19-01-2025 10:37:40'
}
{
  message: 'server is runniing in 8080',
  level: 'info',
  timestamp: '19-01-2025 10:37:49'
}
{
  message: 'server is runniing in 8080',
  level: 'info',
  timestamp: '19-01-2025 10:37:58'
}
{
  message: 'server is runniing in 8080',
  level: 'info',
  timestamp: '19-01-2025 10:38:00'
}
{
  message: 'server is runniing in 8080',
  level: 'info',
  timestamp: '19-01-2025 10:38:04'
}
{
  message: 'server is runniing in 8080',
  level: 'info',
  timestamp: '19-01-2025 10:38:12'
}
{
  message: 'server is runniing in 8080',
  level: 'info',
  timestamp: '19-01-2025 10:38:19'
}
{
  message: 'server is runniing in 8080',
  level: 'info',
  timestamp: '19-01-2025 10:39:00'
}
{
  message: 'server is runniing in 8080',
  level: 'info',
  timestamp: '19-01-2025 10:39:04'
}
{
  message: 'server is runniing in 8080',
  level: 'info',
  timestamp: '19-01-2025 10:39:08'
}
{
  message: 'server is runniing in 8080',
  level: 'info',
  timestamp: '19-01-2025 10:39:12'
}
{
  message: 'server is runniing in 8080',
  level: 'info',
  timestamp: '19-01-2025 10:39:15'
}
{
  message: 'server is runniing in 8080',
  level: 'info',
  timestamp: '19-01-2025 10:39:33'
}
{
  message: 'server is runniing in 8080',
  level: 'info',
  timestamp: '19-01-2025 10:39:55'
}
{
  message: 'server is runniing in 8080',
  level: 'info',
  timestamp: '19-01-2025 10:39:57'
}
{
  message: 'server is runniing in 8080',
  level: 'info',
  timestamp: '19-01-2025 10:40:03'
}
{
  message: 'server is runniing in 8080',
  level: 'info',
  timestamp: '19-01-2025 10:40:07'
}
{
  message: 'server is runniing in 8080',
  level: 'info',
  timestamp: '19-01-2025 10:40:20'
}
{
  message: 'server is runniing in 8080',
  level: 'info',
  timestamp: '19-01-2025 10:40:22'
}
{
  message: 'server is runniing in 8080',
  level: 'info',
  timestamp: '19-01-2025 10:40:29'
}
{
  message: 'server is runniing in 8080',
  level: 'info',
  timestamp: '19-01-2025 10:40:31'
}
{
  message: 'server is runniing in 8080',
  level: 'info',
  timestamp: '19-01-2025 10:40:41'
}
{
  message: 'server is runniing in 8080',
  level: 'info',
  timestamp: '19-01-2025 10:40:45'
}
{
  message: 'server is runniing in 8080',
  level: 'info',
  timestamp: '19-01-2025 10:40:48'
}
{
  message: 'server is runniing in 8080',
  level: 'info',
  timestamp: '19-01-2025 10:41:01'
}
{
  message: 'server is runniing in 8080',
  level: 'info',
  timestamp: '19-01-2025 10:41:27'
}
{
  message: 'server is runniing in 8080',
  level: 'info',
  timestamp: '19-01-2025 10:41:29'
}
{
  message: 'server is runniing in 8080',
  level: 'info',
  timestamp: '19-01-2025 10:41:35'
}
{
  message: 'server is runniing in 8080',
  level: 'info',
  timestamp: '19-01-2025 10:41:44'
}
{
  message: 'server is runniing in 8080',
  level: 'info',
  timestamp: '19-01-2025 10:41:49'
}
{
  message: 'server is runniing in 8080',
  level: 'info',
  timestamp: '19-01-2025 10:41:52'
}
{
  message: 'server is runniing in 8080',
  level: 'info',
  timestamp: '19-01-2025 10:41:54'
}
{
  message: 'server is runniing in 8080',
  level: 'info',
  timestamp: '19-01-2025 10:42:09'
}
{
  message: 'server is runniing in 8080',
  level: 'info',
  timestamp: '19-01-2025 10:42:15'
}
{
  message: 'server is runniing in 8080',
  level: 'info',
  timestamp: '19-01-2025 10:42:19'
}
{
  message: 'server is runniing in 8080',
  level: 'info',
  timestamp: '19-01-2025 10:42:21'
}
{
  message: 'server is runniing in 8080',
  level: 'info',
  timestamp: '19-01-2025 10:42:22'
}
{
  message: 'server is runniing in 8080',
  level: 'info',
  timestamp: '19-01-2025 10:42:26'
}
{
  message: 'server is runniing in 8080',
  level: 'info',
  timestamp: '19-01-2025 10:42:28'
}
{
  message: 'server is runniing in 8080',
  level: 'info',
  timestamp: '19-01-2025 10:42:33'
}
{
  message: 'server is runniing in 8080',
  level: 'info',
  timestamp: '19-01-2025 10:42:36'
}
{
  message: 'server is runniing in 8080',
  level: 'info',
  timestamp: '19-01-2025 10:42:39'
}
{
  message: 'server is runniing in 8080',
  level: 'info',
  timestamp: '19-01-2025 10:42:45'
}
{
  message: 'server is runniing in 8080',
  level: 'info',
  timestamp: '19-01-2025 10:43:11'
}
{
  message: 'server is runniing in 8080',
  level: 'info',
  timestamp: '19-01-2025 10:43:17'
}
{
  message: 'server is runniing in 8080',
  level: 'info',
  timestamp: '19-01-2025 10:43:19'
}
{
  message: 'server is runniing in 8080',
  level: 'info',
  timestamp: '19-01-2025 10:43:24'
}
{
  message: 'server is runniing in 8080',
  level: 'info',
  timestamp: '19-01-2025 10:43:25'
}
{
  message: 'server is runniing in 8080',
  level: 'info',
  timestamp: '19-01-2025 10:44:45'
}
{
  message: 'server is runniing in 8080',
  level: 'info',
  timestamp: '19-01-2025 10:45:11'
}
{
  message: 'server is runniing in 8080',
  level: 'info',
  timestamp: '19-01-2025 10:46:15'
}
{
  message: 'server is runniing in 8080',
  level: 'info',
  timestamp: '19-01-2025 10:46:19'
}
{
  message: 'server is runniing in 8080',
  level: 'info',
  timestamp: '19-01-2025 10:46:33'
}
{
  message: 'server is runniing in 8080',
  level: 'info',
  timestamp: '19-01-2025 10:46:45'
}
{
  path: '/api/v1/absensi/',
  method: 'GET',
  ip: '::1',
  level: 'info',
  message: 'Authentication attempt',
  timestamp: '19-01-2025 10:49:45'
}
{
  token: 'Missing',
  path: '/api/v1/absensi/',
  level: 'warn',
  message: 'Missing or invalid token format',
  timestamp: '19-01-2025 10:49:45'
}
{
  path: '/api/v1/absensi/',
  method: 'POST',
  ip: '::1',
  level: 'info',
  message: 'Authentication attempt',
  timestamp: '19-01-2025 10:52:22'
}
{
  token: 'Missing',
  path: '/api/v1/absensi/',
  level: 'warn',
  message: 'Missing or invalid token format',
  timestamp: '19-01-2025 10:52:22'
}
{
  path: '/api/v1/peminjaman',
  method: 'POST',
  ip: '::1',
  level: 'info',
  message: 'Authentication attempt',
  timestamp: '19-01-2025 10:52:51'
}
{
  uuid: '03097243-5e2c-42a5-b182-28bc1cf80141',
  role: 'ADMIN',
  path: '/api/v1/peminjaman',
  level: 'info',
  message: 'Authentication successful',
  timestamp: '19-01-2025 10:52:51'
}
{
  userRole: 'ADMIN',
  userId: '03097243-5e2c-42a5-b182-28bc1cf80141',
  path: '/api/v1/peminjaman',
  level: 'info',
  message: 'Authorization successful',
  timestamp: '19-01-2025 10:52:51'
}
{
  name: 'ResponseError',
  message: 'Ruangan sudah dipinjam pada waktu ini',
  stack: 'ResponseError: Ruangan sudah dipinjam pada waktu ini\n' +
    '    at Object.createPeminjaman (C:\\Users\\USER\\Documents\\NGODING\\MAGANG\\KKP\\RuangIn\\be\\src\\services\\peminjaman.service.js:110:19)\n' +
    '    at async createPeminjaman (C:\\Users\\USER\\Documents\\NGODING\\MAGANG\\KKP\\RuangIn\\be\\src\\controllers\\peminjaman.controller.js:9:28)',
  path: '/api/v1/peminjaman',
  method: 'POST',
  timestamp: '19-01-2025 10:52:51',
  requestBody: {
    ruang_rapat_id: '9f1b6d39-e3bf-4903-a878-2c7cc0f72372',
    nama_kegiatan: 'gatau',
    tanggal_mulai: '2025-12-01',
    tanggal_selesai: '2025-12-02',
    jam_mulai: '08:00',
    jam_selesai: '12:00',
    no_surat_peminjaman: '1234567890'
  },
  requestParams: {},
  requestQuery: {},
  userId: '03097243-5e2c-42a5-b182-28bc1cf80141',
  level: 'error'
}
{
  path: '/api/v1/peminjaman',
  method: 'POST',
  ip: '::1',
  level: 'info',
  message: 'Authentication attempt',
  timestamp: '19-01-2025 10:53:07'
}
{
  uuid: '03097243-5e2c-42a5-b182-28bc1cf80141',
  role: 'ADMIN',
  path: '/api/v1/peminjaman',
  level: 'info',
  message: 'Authentication successful',
  timestamp: '19-01-2025 10:53:07'
}
{
  userRole: 'ADMIN',
  userId: '03097243-5e2c-42a5-b182-28bc1cf80141',
  path: '/api/v1/peminjaman',
  level: 'info',
  message: 'Authorization successful',
  timestamp: '19-01-2025 10:53:07'
}
{
  path: '/api/v1/peminjaman/fcc51e8b-ed4d-4f42-b759-ae659da7cd49/status',
  method: 'PATCH',
  ip: '::1',
  level: 'info',
  message: 'Authentication attempt',
  timestamp: '19-01-2025 10:53:44'
}
{
  uuid: '03097243-5e2c-42a5-b182-28bc1cf80141',
  role: 'ADMIN',
  path: '/api/v1/peminjaman/fcc51e8b-ed4d-4f42-b759-ae659da7cd49/status',
  level: 'info',
  message: 'Authentication successful',
  timestamp: '19-01-2025 10:53:44'
}
{
  userRole: 'ADMIN',
  userId: '03097243-5e2c-42a5-b182-28bc1cf80141',
  path: '/api/v1/peminjaman/fcc51e8b-ed4d-4f42-b759-ae659da7cd49/status',
  level: 'info',
  message: 'Authorization successful',
  timestamp: '19-01-2025 10:53:44'
}
{
  name: 'TypeError',
  message: 'crypto.randomBytes is not a function',
  stack: 'TypeError: crypto.randomBytes is not a function\n' +
    '    at Object.updateStatus (C:\\Users\\USER\\Documents\\NGODING\\MAGANG\\KKP\\RuangIn\\be\\src\\services\\peminjaman.service.js:212:39)\n' +
    '    at async updateStatus (C:\\Users\\USER\\Documents\\NGODING\\MAGANG\\KKP\\RuangIn\\be\\src\\controllers\\peminjaman.controller.js:25:28)',
  path: '/api/v1/peminjaman/fcc51e8b-ed4d-4f42-b759-ae659da7cd49/status',
  method: 'PATCH',
  timestamp: '19-01-2025 10:53:44',
  requestBody: { status: 'DISETUJUI' },
  requestParams: {},
  requestQuery: {},
  userId: '03097243-5e2c-42a5-b182-28bc1cf80141',
  level: 'error'
}
{
  message: 'server is runniing in 8080',
  level: 'info',
  timestamp: '19-01-2025 10:54:10'
}
{
  path: '/api/v1/peminjaman/fcc51e8b-ed4d-4f42-b759-ae659da7cd49/status',
  method: 'PATCH',
  ip: '::1',
  level: 'info',
  message: 'Authentication attempt',
  timestamp: '19-01-2025 10:54:13'
}
{
  uuid: '03097243-5e2c-42a5-b182-28bc1cf80141',
  role: 'ADMIN',
  path: '/api/v1/peminjaman/fcc51e8b-ed4d-4f42-b759-ae659da7cd49/status',
  level: 'info',
  message: 'Authentication successful',
  timestamp: '19-01-2025 10:54:13'
}
{
  userRole: 'ADMIN',
  userId: '03097243-5e2c-42a5-b182-28bc1cf80141',
  path: '/api/v1/peminjaman/fcc51e8b-ed4d-4f42-b759-ae659da7cd49/status',
  level: 'info',
  message: 'Authorization successful',
  timestamp: '19-01-2025 10:54:13'
}
{
  message: 'server is runniing in 8080',
  level: 'info',
  timestamp: '19-01-2025 10:54:51'
}
{
  path: '/api/v1/peminjaman/fcc51e8b-ed4d-4f42-b759-ae659da7cd49/status',
  method: 'PATCH',
  ip: '::1',
  level: 'info',
  message: 'Authentication attempt',
  timestamp: '19-01-2025 10:54:55'
}
{
  uuid: '03097243-5e2c-42a5-b182-28bc1cf80141',
  role: 'ADMIN',
  path: '/api/v1/peminjaman/fcc51e8b-ed4d-4f42-b759-ae659da7cd49/status',
  level: 'info',
  message: 'Authentication successful',
  timestamp: '19-01-2025 10:54:55'
}
{
  userRole: 'ADMIN',
  userId: '03097243-5e2c-42a5-b182-28bc1cf80141',
  path: '/api/v1/peminjaman/fcc51e8b-ed4d-4f42-b759-ae659da7cd49/status',
  level: 'info',
  message: 'Authorization successful',
  timestamp: '19-01-2025 10:54:55'
}
{
  path: '/api/v1/peminjaman',
  method: 'GET',
  ip: '::1',
  level: 'info',
  message: 'Authentication attempt',
  timestamp: '19-01-2025 10:55:21'
}
{
  uuid: '03097243-5e2c-42a5-b182-28bc1cf80141',
  role: 'ADMIN',
  path: '/api/v1/peminjaman',
  level: 'info',
  message: 'Authentication successful',
  timestamp: '19-01-2025 10:55:21'
}
{
  message: 'server is runniing in 8080',
  level: 'info',
  timestamp: '19-01-2025 10:56:01'
}
{
  path: '/api/v1/peminjaman',
  method: 'GET',
  ip: '::1',
  level: 'info',
  message: 'Authentication attempt',
  timestamp: '19-01-2025 10:56:02'
}
{
  uuid: '03097243-5e2c-42a5-b182-28bc1cf80141',
  role: 'ADMIN',
  path: '/api/v1/peminjaman',
  level: 'info',
  message: 'Authentication successful',
  timestamp: '19-01-2025 10:56:02'
}
{
  message: 'server is runniing in 8080',
  level: 'info',
  timestamp: '19-01-2025 10:56:30'
}
{
  message: 'server is runniing in 8080',
  level: 'info',
  timestamp: '19-01-2025 10:56:35'
}
{
  message: 'server is runniing in 8080',
  level: 'info',
  timestamp: '19-01-2025 10:56:42'
}
{
  message: 'server is runniing in 8080',
  level: 'info',
  timestamp: '19-01-2025 10:56:44'
}
{
  message: 'server is runniing in 8080',
  level: 'info',
  timestamp: '19-01-2025 10:56:47'
}
{
  path: '/api/v1/peminjaman',
  method: 'GET',
  ip: '::1',
  level: 'info',
  message: 'Authentication attempt',
  timestamp: '19-01-2025 10:56:48'
}
{
  uuid: '03097243-5e2c-42a5-b182-28bc1cf80141',
  role: 'ADMIN',
  path: '/api/v1/peminjaman',
  level: 'info',
  message: 'Authentication successful',
  timestamp: '19-01-2025 10:56:48'
}
{
  name: 'TypeError',
  message: 'this.yhandleAndLogRequestError is not a function',
  stack: 'TypeError: this.yhandleAndLogRequestError is not a function\n' +
    '    at qn.request (C:\\Users\\USER\\Documents\\NGODING\\MAGANG\\KKP\\RuangIn\\be\\node_modules\\@prisma\\client\\runtime\\library.js:121:6347)\n' +
    '    at async l (C:\\Users\\USER\\Documents\\NGODING\\MAGANG\\KKP\\RuangIn\\be\\node_modules\\@prisma\\client\\runtime\\library.js:130:9616)\n' +
    '    at async Object.getAllPeminjaman (C:\\Users\\USER\\Documents\\NGODING\\MAGANG\\KKP\\RuangIn\\be\\src\\services\\peminjaman.service.js:281:22)\n' +
    '    at async getAllPeminjaman (C:\\Users\\USER\\Documents\\NGODING\\MAGANG\\KKP\\RuangIn\\be\\src\\controllers\\peminjaman.controller.js:46:28)',
  path: '/api/v1/peminjaman',
  method: 'GET',
  timestamp: '19-01-2025 10:56:48',
  requestBody: {},
  requestParams: {},
  requestQuery: {},
  userId: '03097243-5e2c-42a5-b182-28bc1cf80141',
  level: 'error'
}
{
  message: 'server is runniing in 8080',
  level: 'info',
  timestamp: '19-01-2025 10:56:56'
}
{
  path: '/api/v1/peminjaman',
  method: 'GET',
  ip: '::1',
  level: 'info',
  message: 'Authentication attempt',
  timestamp: '19-01-2025 10:56:58'
}
{
  uuid: '03097243-5e2c-42a5-b182-28bc1cf80141',
  role: 'ADMIN',
  path: '/api/v1/peminjaman',
  level: 'info',
  message: 'Authentication successful',
  timestamp: '19-01-2025 10:56:58'
}
{
  name: 'ReferenceError',
  message: 'linkAbsensi is not defined',
  stack: 'ReferenceError: linkAbsensi is not defined\n' +
    '    at Object.getAllPeminjaman (C:\\Users\\USER\\Documents\\NGODING\\MAGANG\\KKP\\RuangIn\\be\\src\\services\\peminjaman.service.js:295:25)\n' +
    '    at async getAllPeminjaman (C:\\Users\\USER\\Documents\\NGODING\\MAGANG\\KKP\\RuangIn\\be\\src\\controllers\\peminjaman.controller.js:46:28)',
  path: '/api/v1/peminjaman',
  method: 'GET',
  timestamp: '19-01-2025 10:56:58',
  requestBody: {},
  requestParams: {},
  requestQuery: {},
  userId: '03097243-5e2c-42a5-b182-28bc1cf80141',
  level: 'error'
}
{
  message: 'server is runniing in 8080',
  level: 'info',
  timestamp: '19-01-2025 10:57:03'
}
{
  message: 'server is runniing in 8080',
  level: 'info',
  timestamp: '19-01-2025 10:57:05'
}
{
  message: 'server is runniing in 8080',
  level: 'info',
  timestamp: '19-01-2025 10:57:08'
}
{
  path: '/api/v1/peminjaman',
  method: 'GET',
  ip: '::1',
  level: 'info',
  message: 'Authentication attempt',
  timestamp: '19-01-2025 10:57:09'
}
{
  uuid: '03097243-5e2c-42a5-b182-28bc1cf80141',
  role: 'ADMIN',
  path: '/api/v1/peminjaman',
  level: 'info',
  message: 'Authentication successful',
  timestamp: '19-01-2025 10:57:09'
}
{
  name: 'TypeError',
  message: 'schema.validate is not a function',
  stack: 'TypeError: schema.validate is not a function\n' +
    '    at validate (C:\\Users\\USER\\Documents\\NGODING\\MAGANG\\KKP\\RuangIn\\be\\src\\utils\\validation.js:4:27)\n' +
    '    at submitAbsensi (C:\\Users\\USER\\Documents\\NGODING\\MAGANG\\KKP\\RuangIn\\be\\src\\controllers\\absensi.controller.js:26:35)\n' +
    '    at Layer.handle [as handle_request] (C:\\Users\\USER\\Documents\\NGODING\\MAGANG\\KKP\\RuangIn\\be\\node_modules\\express\\lib\\router\\layer.js:95:5)\n' +
    '    at next (C:\\Users\\USER\\Documents\\NGODING\\MAGANG\\KKP\\RuangIn\\be\\node_modules\\express\\lib\\router\\route.js:137:13)\n' +
    '    at Route.dispatch (C:\\Users\\USER\\Documents\\NGODING\\MAGANG\\KKP\\RuangIn\\be\\node_modules\\express\\lib\\router\\route.js:112:3)\n' +
    '    at Layer.handle [as handle_request] (C:\\Users\\USER\\Documents\\NGODING\\MAGANG\\KKP\\RuangIn\\be\\node_modules\\express\\lib\\router\\layer.js:95:5)\n' +
    '    at C:\\Users\\USER\\Documents\\NGODING\\MAGANG\\KKP\\RuangIn\\be\\node_modules\\express\\lib\\router\\index.js:281:22\n' +
    '    at param (C:\\Users\\USER\\Documents\\NGODING\\MAGANG\\KKP\\RuangIn\\be\\node_modules\\express\\lib\\router\\index.js:354:14)\n' +
    '    at param (C:\\Users\\USER\\Documents\\NGODING\\MAGANG\\KKP\\RuangIn\\be\\node_modules\\express\\lib\\router\\index.js:365:14)\n' +
    '    at Function.process_params (C:\\Users\\USER\\Documents\\NGODING\\MAGANG\\KKP\\RuangIn\\be\\node_modules\\express\\lib\\router\\index.js:410:3)',
  path: '/api/v1/absensi/4b678a3df5f',
  method: 'POST',
  timestamp: '19-01-2025 11:01:06',
  requestBody: {
    nama: 'in aute voluptate irure',
    unit_kerja: 'nulla enim dolore deserunt',
    golongan: 'in est sit aute eu',
    jabatan: 'anim',
    tanda_tangan: 'Duis',
    jenis_kelamin: 'LAKI_LAKI'
  },
  requestParams: {},
  requestQuery: {},
  userId: undefined,
  level: 'error'
}
{
  message: 'server is runniing in 8080',
  level: 'info',
  timestamp: '19-01-2025 11:01:55'
}
{
  name: 'TypeError',
  message: 'schema.validate is not a function',
  stack: 'TypeError: schema.validate is not a function\n' +
    '    at validate (C:\\Users\\USER\\Documents\\NGODING\\MAGANG\\KKP\\RuangIn\\be\\src\\utils\\validation.js:4:27)\n' +
    '    at submitAbsensi (C:\\Users\\USER\\Documents\\NGODING\\MAGANG\\KKP\\RuangIn\\be\\src\\controllers\\absensi.controller.js:26:35)\n' +
    '    at Layer.handle [as handle_request] (C:\\Users\\USER\\Documents\\NGODING\\MAGANG\\KKP\\RuangIn\\be\\node_modules\\express\\lib\\router\\layer.js:95:5)\n' +
    '    at next (C:\\Users\\USER\\Documents\\NGODING\\MAGANG\\KKP\\RuangIn\\be\\node_modules\\express\\lib\\router\\route.js:137:13)\n' +
    '    at Route.dispatch (C:\\Users\\USER\\Documents\\NGODING\\MAGANG\\KKP\\RuangIn\\be\\node_modules\\express\\lib\\router\\route.js:112:3)\n' +
    '    at Layer.handle [as handle_request] (C:\\Users\\USER\\Documents\\NGODING\\MAGANG\\KKP\\RuangIn\\be\\node_modules\\express\\lib\\router\\layer.js:95:5)\n' +
    '    at C:\\Users\\USER\\Documents\\NGODING\\MAGANG\\KKP\\RuangIn\\be\\node_modules\\express\\lib\\router\\index.js:281:22\n' +
    '    at param (C:\\Users\\USER\\Documents\\NGODING\\MAGANG\\KKP\\RuangIn\\be\\node_modules\\express\\lib\\router\\index.js:354:14)\n' +
    '    at param (C:\\Users\\USER\\Documents\\NGODING\\MAGANG\\KKP\\RuangIn\\be\\node_modules\\express\\lib\\router\\index.js:365:14)\n' +
    '    at Function.process_params (C:\\Users\\USER\\Documents\\NGODING\\MAGANG\\KKP\\RuangIn\\be\\node_modules\\express\\lib\\router\\index.js:410:3)',
  path: '/api/v1/absensi/4b678a3df5f',
  method: 'POST',
  timestamp: '19-01-2025 11:01:57',
  requestBody: {
    nama: 'in aute voluptate irure',
    unit_kerja: 'nulla enim dolore deserunt',
    golongan: 'in est sit aute eu',
    jabatan: 'anim',
    tanda_tangan: 'Duis',
    jenis_kelamin: 'LAKI_LAKI'
  },
  requestParams: {},
  requestQuery: {},
  userId: undefined,
  level: 'error'
}
{
  name: 'TypeError',
  message: 'schema.validate is not a function',
  stack: 'TypeError: schema.validate is not a function\n' +
    '    at validate (C:\\Users\\USER\\Documents\\NGODING\\MAGANG\\KKP\\RuangIn\\be\\src\\utils\\validation.js:4:27)\n' +
    '    at submitAbsensi (C:\\Users\\USER\\Documents\\NGODING\\MAGANG\\KKP\\RuangIn\\be\\src\\controllers\\absensi.controller.js:26:35)\n' +
    '    at Layer.handle [as handle_request] (C:\\Users\\USER\\Documents\\NGODING\\MAGANG\\KKP\\RuangIn\\be\\node_modules\\express\\lib\\router\\layer.js:95:5)\n' +
    '    at next (C:\\Users\\USER\\Documents\\NGODING\\MAGANG\\KKP\\RuangIn\\be\\node_modules\\express\\lib\\router\\route.js:137:13)\n' +
    '    at Route.dispatch (C:\\Users\\USER\\Documents\\NGODING\\MAGANG\\KKP\\RuangIn\\be\\node_modules\\express\\lib\\router\\route.js:112:3)\n' +
    '    at Layer.handle [as handle_request] (C:\\Users\\USER\\Documents\\NGODING\\MAGANG\\KKP\\RuangIn\\be\\node_modules\\express\\lib\\router\\layer.js:95:5)\n' +
    '    at C:\\Users\\USER\\Documents\\NGODING\\MAGANG\\KKP\\RuangIn\\be\\node_modules\\express\\lib\\router\\index.js:281:22\n' +
    '    at param (C:\\Users\\USER\\Documents\\NGODING\\MAGANG\\KKP\\RuangIn\\be\\node_modules\\express\\lib\\router\\index.js:354:14)\n' +
    '    at param (C:\\Users\\USER\\Documents\\NGODING\\MAGANG\\KKP\\RuangIn\\be\\node_modules\\express\\lib\\router\\index.js:365:14)\n' +
    '    at Function.process_params (C:\\Users\\USER\\Documents\\NGODING\\MAGANG\\KKP\\RuangIn\\be\\node_modules\\express\\lib\\router\\index.js:410:3)',
  path: '/api/v1/absensi/4b678a3df5f',
  method: 'POST',
  timestamp: '19-01-2025 11:03:03',
  requestBody: {
    nama: 'in aute voluptate irure',
    unit_kerja: 'nulla enim dolore deserunt',
    golongan: 'in est sit aute eu',
    jabatan: 'anim',
    tanda_tangan: 'Duis',
    jenis_kelamin: 'LAKI_LAKI'
  },
  requestParams: {},
  requestQuery: {},
  userId: undefined,
  level: 'error'
}
{
  message: 'server is runniing in 8080',
  level: 'info',
  timestamp: '19-01-2025 11:05:57'
}
{
  name: 'TypeError',
  message: 'schema.validate is not a function',
  stack: 'TypeError: schema.validate is not a function\n' +
    '    at validate (C:\\Users\\USER\\Documents\\NGODING\\MAGANG\\KKP\\RuangIn\\be\\src\\utils\\validation.js:4:27)\n' +
    '    at submitAbsensi (C:\\Users\\USER\\Documents\\NGODING\\MAGANG\\KKP\\RuangIn\\be\\src\\controllers\\absensi.controller.js:26:35)\n' +
    '    at Layer.handle [as handle_request] (C:\\Users\\USER\\Documents\\NGODING\\MAGANG\\KKP\\RuangIn\\be\\node_modules\\express\\lib\\router\\layer.js:95:5)\n' +
    '    at next (C:\\Users\\USER\\Documents\\NGODING\\MAGANG\\KKP\\RuangIn\\be\\node_modules\\express\\lib\\router\\route.js:137:13)\n' +
    '    at Route.dispatch (C:\\Users\\USER\\Documents\\NGODING\\MAGANG\\KKP\\RuangIn\\be\\node_modules\\express\\lib\\router\\route.js:112:3)\n' +
    '    at Layer.handle [as handle_request] (C:\\Users\\USER\\Documents\\NGODING\\MAGANG\\KKP\\RuangIn\\be\\node_modules\\express\\lib\\router\\layer.js:95:5)\n' +
    '    at C:\\Users\\USER\\Documents\\NGODING\\MAGANG\\KKP\\RuangIn\\be\\node_modules\\express\\lib\\router\\index.js:281:22\n' +
    '    at param (C:\\Users\\USER\\Documents\\NGODING\\MAGANG\\KKP\\RuangIn\\be\\node_modules\\express\\lib\\router\\index.js:354:14)\n' +
    '    at param (C:\\Users\\USER\\Documents\\NGODING\\MAGANG\\KKP\\RuangIn\\be\\node_modules\\express\\lib\\router\\index.js:365:14)\n' +
    '    at Function.process_params (C:\\Users\\USER\\Documents\\NGODING\\MAGANG\\KKP\\RuangIn\\be\\node_modules\\express\\lib\\router\\index.js:410:3)',
  path: '/api/v1/absensi/4b678a3df5f',
  method: 'POST',
  timestamp: '19-01-2025 11:06:17',
  requestBody: {
    nama: 'John Doe',
    unit_kerja: 'IT',
    golongan: 'III/a',
    jabatan: 'Staff IT',
    tanda_tangan: 'base64-signature-data',
    jenis_kelamin: 'LAKI_LAKI'
  },
  requestParams: {},
  requestQuery: {},
  userId: undefined,
  level: 'error'
}
{
  message: 'server is runniing in 8080',
  level: 'info',
  timestamp: '19-01-2025 11:07:00'
}
{
  message: 'server is runniing in 8080',
  level: 'info',
  timestamp: '19-01-2025 11:07:05'
}
{
  name: 'TypeError',
  message: 'schema.validate is not a function',
  stack: 'TypeError: schema.validate is not a function\n' +
    '    at validate (C:\\Users\\USER\\Documents\\NGODING\\MAGANG\\KKP\\RuangIn\\be\\src\\utils\\validation.js:4:27)\n' +
    '    at submitAbsensi (C:\\Users\\USER\\Documents\\NGODING\\MAGANG\\KKP\\RuangIn\\be\\src\\controllers\\absensi.controller.js:26:35)\n' +
    '    at Layer.handle [as handle_request] (C:\\Users\\USER\\Documents\\NGODING\\MAGANG\\KKP\\RuangIn\\be\\node_modules\\express\\lib\\router\\layer.js:95:5)\n' +
    '    at next (C:\\Users\\USER\\Documents\\NGODING\\MAGANG\\KKP\\RuangIn\\be\\node_modules\\express\\lib\\router\\route.js:137:13)\n' +
    '    at Route.dispatch (C:\\Users\\USER\\Documents\\NGODING\\MAGANG\\KKP\\RuangIn\\be\\node_modules\\express\\lib\\router\\route.js:112:3)\n' +
    '    at Layer.handle [as handle_request] (C:\\Users\\USER\\Documents\\NGODING\\MAGANG\\KKP\\RuangIn\\be\\node_modules\\express\\lib\\router\\layer.js:95:5)\n' +
    '    at C:\\Users\\USER\\Documents\\NGODING\\MAGANG\\KKP\\RuangIn\\be\\node_modules\\express\\lib\\router\\index.js:281:22\n' +
    '    at param (C:\\Users\\USER\\Documents\\NGODING\\MAGANG\\KKP\\RuangIn\\be\\node_modules\\express\\lib\\router\\index.js:354:14)\n' +
    '    at param (C:\\Users\\USER\\Documents\\NGODING\\MAGANG\\KKP\\RuangIn\\be\\node_modules\\express\\lib\\router\\index.js:365:14)\n' +
    '    at Function.process_params (C:\\Users\\USER\\Documents\\NGODING\\MAGANG\\KKP\\RuangIn\\be\\node_modules\\express\\lib\\router\\index.js:410:3)',
  path: '/api/v1/absensi/4b678a3df5f',
  method: 'POST',
  timestamp: '19-01-2025 11:07:14',
  requestBody: {
    nama: 'John Doe',
    unit_kerja: 'IT',
    golongan: 'III/a',
    jabatan: 'Staff IT',
    tanda_tangan: 'base64-signature-data',
    jenis_kelamin: 'LAKI_LAKI'
  },
  requestParams: {},
  requestQuery: {},
  userId: undefined,
  level: 'error'
}
{
  message: 'server is runniing in 8080',
  level: 'info',
  timestamp: '19-01-2025 11:07:34'
}
{
  message: 'server is runniing in 8080',
  level: 'info',
  timestamp: '19-01-2025 11:07:36'
}
{
  message: 'server is runniing in 8080',
  level: 'info',
  timestamp: '19-01-2025 11:09:01'
}
{
  message: 'server is runniing in 8080',
  level: 'info',
  timestamp: '19-01-2025 11:09:04'
}
{
  name: 'ReferenceError',
  message: 'moment is not defined',
  stack: 'ReferenceError: moment is not defined\n' +
    '    at Object.submitAbsensi (C:\\Users\\USER\\Documents\\NGODING\\MAGANG\\KKP\\RuangIn\\be\\src\\services\\absensi.service.js:54:29)\n' +
    '    at async submitAbsensi (C:\\Users\\USER\\Documents\\NGODING\\MAGANG\\KKP\\RuangIn\\be\\src\\controllers\\absensi.controller.js:28:28)',
  path: '/api/v1/absensi/4b678a3df5f',
  method: 'POST',
  timestamp: '19-01-2025 11:09:07',
  requestBody: {
    nama: 'John Doe',
    unit_kerja: 'IT',
    golongan: 'III/a',
    jabatan: 'Staff IT',
    tanda_tangan: 'base64-signature-data',
    jenis_kelamin: 'LAKI_LAKI'
  },
  requestParams: {},
  requestQuery: {},
  userId: undefined,
  level: 'error'
}
{
  message: 'server is runniing in 8080',
  level: 'info',
  timestamp: '19-01-2025 11:09:32'
}
{
  message: 'server is runniing in 8080',
  level: 'info',
  timestamp: '19-01-2025 11:09:36'
}
{
  message: 'server is runniing in 8080',
  level: 'info',
  timestamp: '19-01-2025 11:09:43'
}
{
  message: 'server is runniing in 8080',
  level: 'info',
  timestamp: '19-01-2025 11:09:45'
}
{
  name: 'ResponseError',
  message: "Meeting hasn't started yet",
  stack: "ResponseError: Meeting hasn't started yet\n" +
    '    at Object.submitAbsensi (C:\\Users\\USER\\Documents\\NGODING\\MAGANG\\KKP\\RuangIn\\be\\src\\services\\absensi.service.js:60:19)\n' +
    '    at async submitAbsensi (C:\\Users\\USER\\Documents\\NGODING\\MAGANG\\KKP\\RuangIn\\be\\src\\controllers\\absensi.controller.js:28:28)',
  path: '/api/v1/absensi/4b678a3df5f',
  method: 'POST',
  timestamp: '19-01-2025 11:09:45',
  requestBody: {
    nama: 'John Doe',
    unit_kerja: 'IT',
    golongan: 'III/a',
    jabatan: 'Staff IT',
    tanda_tangan: 'base64-signature-data',
    jenis_kelamin: 'LAKI_LAKI'
  },
  requestParams: {},
  requestQuery: {},
  userId: undefined,
  level: 'error'
}
{
  message: 'server is runniing in 8080',
  level: 'info',
  timestamp: '19-01-2025 11:10:11'
}
{
  message: 'server is runniing in 8080',
  level: 'info',
  timestamp: '19-01-2025 11:10:33'
}
